MediumMagboltz::LoadGasFile: Reading Ar-CO2(89-11).gas.
MediumMagboltz::LoadGasFile: Version 12
MediumMagboltz::LoadGasFile:
    Gas composition set to Ar/CO2 (89/11)
E = 10V/cm,   Vx = -0.058906 cm/us,    Dt = 0.0838008 some unit,    Dl = 0.0798957 some unit
E = 20V/cm,   Vx = -0.116502 cm/us,    Dt = 0.0552825 some unit,    Dl = 0.0539567 some unit
E = 30V/cm,   Vx = -0.173613 cm/us,    Dt = 0.0463876 some unit,    Dl = 0.0447267 some unit
E = 40V/cm,   Vx = -0.229733 cm/us,    Dt = 0.0396725 some unit,    Dl = 0.0420118 some unit
E = 50V/cm,   Vx = -0.289057 cm/us,    Dt = 0.0364347 some unit,    Dl = 0.0337504 some unit
E = 60V/cm,   Vx = -0.34457 cm/us,    Dt = 0.0334941 some unit,    Dl = 0.0329051 some unit
E = 70V/cm,   Vx = -0.401423 cm/us,    Dt = 0.0313143 some unit,    Dl = 0.0326131 some unit
E = 80V/cm,   Vx = -0.464993 cm/us,    Dt = 0.029117 some unit,    Dl = 0.0282984 some unit
E = 90V/cm,   Vx = -0.522162 cm/us,    Dt = 0.0277114 some unit,    Dl = 0.0272969 some unit
E = 100V/cm,   Vx = -0.581268 cm/us,    Dt = 0.0263164 some unit,    Dl = 0.0268204 some unit
E = 110V/cm,   Vx = -0.639868 cm/us,    Dt = 0.0250311 some unit,    Dl = 0.0282831 some unit
E = 120V/cm,   Vx = -0.703297 cm/us,    Dt = 0.0237943 some unit,    Dl = 0.0265305 some unit
E = 130V/cm,   Vx = -0.766122 cm/us,    Dt = 0.0249557 some unit,    Dl = 0.0257302 some unit
E = 140V/cm,   Vx = -0.831375 cm/us,    Dt = 0.0239856 some unit,    Dl = 0.0259172 some unit
E = 150V/cm,   Vx = -0.897385 cm/us,    Dt = 0.0221084 some unit,    Dl = 0.0260715 some unit
E = 160V/cm,   Vx = -0.961281 cm/us,    Dt = 0.0225584 some unit,    Dl = 0.0249743 some unit
E = 170V/cm,   Vx = -1.02752 cm/us,    Dt = 0.0226833 some unit,    Dl = 0.0248129 some unit
E = 180V/cm,   Vx = -1.09742 cm/us,    Dt = 0.0219878 some unit,    Dl = 0.0257057 some unit
E = 190V/cm,   Vx = -1.16892 cm/us,    Dt = 0.0221628 some unit,    Dl = 0.0254343 some unit
E = 200V/cm,   Vx = -1.24157 cm/us,    Dt = 0.0230108 some unit,    Dl = 0.0241456 some unit
E = 210V/cm,   Vx = -1.31581 cm/us,    Dt = 0.0232796 some unit,    Dl = 0.0235061 some unit
E = 220V/cm,   Vx = -1.3918 cm/us,    Dt = 0.0226231 some unit,    Dl = 0.023913 some unit
E = 230V/cm,   Vx = -1.46948 cm/us,    Dt = 0.0216963 some unit,    Dl = 0.0244115 some unit
E = 240V/cm,   Vx = -1.54886 cm/us,    Dt = 0.0210404 some unit,    Dl = 0.0240615 some unit
E = 250V/cm,   Vx = -1.63012 cm/us,    Dt = 0.0205925 some unit,    Dl = 0.0236482 some unit
E = 260V/cm,   Vx = -1.71382 cm/us,    Dt = 0.0206246 some unit,    Dl = 0.0234792 some unit
E = 270V/cm,   Vx = -1.79943 cm/us,    Dt = 0.0210029 some unit,    Dl = 0.0236439 some unit
E = 280V/cm,   Vx = -1.88623 cm/us,    Dt = 0.0214365 some unit,    Dl = 0.0238898 some unit
E = 290V/cm,   Vx = -1.97304 cm/us,    Dt = 0.021453 some unit,    Dl = 0.0241059 some unit
E = 300V/cm,   Vx = -2.05997 cm/us,    Dt = 0.0211765 some unit,    Dl = 0.0241917 some unit
E = 310V/cm,   Vx = -2.14771 cm/us,    Dt = 0.0208939 some unit,    Dl = 0.0241835 some unit
E = 320V/cm,   Vx = -2.23689 cm/us,    Dt = 0.0208256 some unit,    Dl = 0.0239548 some unit
E = 330V/cm,   Vx = -2.32779 cm/us,    Dt = 0.0211809 some unit,    Dl = 0.023506 some unit
E = 340V/cm,   Vx = -2.41932 cm/us,    Dt = 0.0216263 some unit,    Dl = 0.0230833 some unit
E = 350V/cm,   Vx = -2.51148 cm/us,    Dt = 0.0221617 some unit,    Dl = 0.0226867 some unit
E = 360V/cm,   Vx = -2.60314 cm/us,    Dt = 0.0226283 some unit,    Dl = 0.0227323 some unit
E = 370V/cm,   Vx = -2.69469 cm/us,    Dt = 0.0230007 some unit,    Dl = 0.0229683 some unit
E = 380V/cm,   Vx = -2.78639 cm/us,    Dt = 0.0233078 some unit,    Dl = 0.0232778 some unit
E = 390V/cm,   Vx = -2.87826 cm/us,    Dt = 0.0235496 some unit,    Dl = 0.023661 some unit
E = 400V/cm,   Vx = -2.97204 cm/us,    Dt = 0.0235185 some unit,    Dl = 0.0239315 some unit
E = 450V/cm,   Vx = -3.42727 cm/us,    Dt = 0.0235348 some unit,    Dl = 0.0241222 some unit
E = 500V/cm,   Vx = -3.83735 cm/us,    Dt = 0.0255818 some unit,    Dl = 0.0228965 some unit
E = 550V/cm,   Vx = -4.20497 cm/us,    Dt = 0.0266543 some unit,    Dl = 0.0219018 some unit
E = 600V/cm,   Vx = -4.50353 cm/us,    Dt = 0.0261512 some unit,    Dl = 0.0220523 some unit
E = 650V/cm,   Vx = -4.73319 cm/us,    Dt = 0.0280573 some unit,    Dl = 0.02156 some unit
E = 700V/cm,   Vx = -4.90617 cm/us,    Dt = 0.0291906 some unit,    Dl = 0.0212362 some unit
E = 750V/cm,   Vx = -5.03011 cm/us,    Dt = 0.0290441 some unit,    Dl = 0.0208402 some unit
E = 800V/cm,   Vx = -5.10387 cm/us,    Dt = 0.0302298 some unit,    Dl = 0.018588 some unit
E = 850V/cm,   Vx = -5.14135 cm/us,    Dt = 0.0315782 some unit,    Dl = 0.0168895 some unit
E = 900V/cm,   Vx = -5.15431 cm/us,    Dt = 0.0325141 some unit,    Dl = 0.0168292 some unit
E = 950V/cm,   Vx = -5.1437 cm/us,    Dt = 0.033046 some unit,    Dl = 0.0168179 some unit
E = 1000V/cm,   Vx = -5.11836 cm/us,    Dt = 0.033279 some unit,    Dl = 0.0163483 some unit
E = 1500V/cm,   Vx = -4.83969 cm/us,    Dt = 0.0354596 some unit,    Dl = 0.0182478 some unit
E = 2000V/cm,   Vx = -4.8433 cm/us,    Dt = 0.0379427 some unit,    Dl = 0.0186653 some unit
E = 2500V/cm,   Vx = -4.98475 cm/us,    Dt = 0.036097 some unit,    Dl = 0.0178812 some unit
E = 3000V/cm,   Vx = -5.14444 cm/us,    Dt = 0.0337258 some unit,    Dl = 0.0151491 some unit
E = 3500V/cm,   Vx = -5.25337 cm/us,    Dt = 0.0346024 some unit,    Dl = 0.0203636 some unit
E = 4000V/cm,   Vx = -5.28692 cm/us,    Dt = 0.034235 some unit,    Dl = 0.016705 some unit
E = 4500V/cm,   Vx = -5.26043 cm/us,    Dt = 0.0349064 some unit,    Dl = 0.0152905 some unit
E = 5000V/cm,   Vx = -5.21662 cm/us,    Dt = 0.0340076 some unit,    Dl = 0.0164318 some unit
E = 5500V/cm,   Vx = -5.16482 cm/us,    Dt = 0.0317483 some unit,    Dl = 0.017612 some unit
E = 6000V/cm,   Vx = -5.11374 cm/us,    Dt = 0.0306052 some unit,    Dl = 0.018144 some unit
E = 6500V/cm,   Vx = -5.08612 cm/us,    Dt = 0.0328799 some unit,    Dl = 0.0189721 some unit
E = 7000V/cm,   Vx = -5.0821 cm/us,    Dt = 0.032585 some unit,    Dl = 0.0165131 some unit
E = 7500V/cm,   Vx = -5.08869 cm/us,    Dt = 0.0318437 some unit,    Dl = 0.0161052 some unit
E = 8000V/cm,   Vx = -5.10321 cm/us,    Dt = 0.0314647 some unit,    Dl = 0.0178685 some unit
E = 8500V/cm,   Vx = -5.12977 cm/us,    Dt = 0.0317193 some unit,    Dl = 0.0172245 some unit
E = 9000V/cm,   Vx = -5.17403 cm/us,    Dt = 0.0318804 some unit,    Dl = 0.0162608 some unit
E = 9500V/cm,   Vx = -5.24207 cm/us,    Dt = 0.0311351 some unit,    Dl = 0.0174037 some unit
MediumMagboltz::LoadGasFile: Reading Ar-CO2(90-10).gas.
MediumMagboltz::LoadGasFile: Version 12
MediumMagboltz::LoadGasFile:
    Gas composition set to Ar/CO2 (90/10)
E = 10V/cm,   Vx = -0.0657017 cm/us,    Dt = 0.0802177 some unit,    Dl = 0.0720099 some unit
E = 20V/cm,   Vx = -0.126261 cm/us,    Dt = 0.0565812 some unit,    Dl = 0.0529658 some unit
E = 30V/cm,   Vx = -0.189459 cm/us,    Dt = 0.044854 some unit,    Dl = 0.0467443 some unit
E = 40V/cm,   Vx = -0.250037 cm/us,    Dt = 0.0424106 some unit,    Dl = 0.0367415 some unit
E = 50V/cm,   Vx = -0.313771 cm/us,    Dt = 0.0387246 some unit,    Dl = 0.0363393 some unit
E = 60V/cm,   Vx = -0.374262 cm/us,    Dt = 0.0320751 some unit,    Dl = 0.0308082 some unit
E = 70V/cm,   Vx = -0.440274 cm/us,    Dt = 0.0308195 some unit,    Dl = 0.0339001 some unit
E = 80V/cm,   Vx = -0.501429 cm/us,    Dt = 0.0305861 some unit,    Dl = 0.0279218 some unit
E = 90V/cm,   Vx = -0.568493 cm/us,    Dt = 0.0280735 some unit,    Dl = 0.0265521 some unit
E = 100V/cm,   Vx = -0.633615 cm/us,    Dt = 0.0273955 some unit,    Dl = 0.0285833 some unit
E = 110V/cm,   Vx = -0.702847 cm/us,    Dt = 0.0255228 some unit,    Dl = 0.0289343 some unit
E = 120V/cm,   Vx = -0.771316 cm/us,    Dt = 0.0252793 some unit,    Dl = 0.0275173 some unit
E = 130V/cm,   Vx = -0.841988 cm/us,    Dt = 0.0244007 some unit,    Dl = 0.0265745 some unit
E = 140V/cm,   Vx = -0.913018 cm/us,    Dt = 0.0235218 some unit,    Dl = 0.0244349 some unit
E = 150V/cm,   Vx = -0.984536 cm/us,    Dt = 0.0230623 some unit,    Dl = 0.0232485 some unit
E = 160V/cm,   Vx = -1.05762 cm/us,    Dt = 0.0232578 some unit,    Dl = 0.0259141 some unit
E = 170V/cm,   Vx = -1.13415 cm/us,    Dt = 0.023385 some unit,    Dl = 0.0272673 some unit
E = 180V/cm,   Vx = -1.21463 cm/us,    Dt = 0.0231921 some unit,    Dl = 0.026137 some unit
E = 190V/cm,   Vx = -1.29832 cm/us,    Dt = 0.0229582 some unit,    Dl = 0.0258095 some unit
E = 200V/cm,   Vx = -1.38356 cm/us,    Dt = 0.0227756 some unit,    Dl = 0.0264249 some unit
E = 210V/cm,   Vx = -1.46838 cm/us,    Dt = 0.0225695 some unit,    Dl = 0.026081 some unit
E = 220V/cm,   Vx = -1.55265 cm/us,    Dt = 0.0224483 some unit,    Dl = 0.0246065 some unit
E = 230V/cm,   Vx = -1.63847 cm/us,    Dt = 0.0225678 some unit,    Dl = 0.0232342 some unit
E = 240V/cm,   Vx = -1.72834 cm/us,    Dt = 0.0232222 some unit,    Dl = 0.0233764 some unit
E = 250V/cm,   Vx = -1.82014 cm/us,    Dt = 0.0239568 some unit,    Dl = 0.0239815 some unit
E = 260V/cm,   Vx = -1.9131 cm/us,    Dt = 0.0246321 some unit,    Dl = 0.0249719 some unit
E = 270V/cm,   Vx = -2.00688 cm/us,    Dt = 0.0250083 some unit,    Dl = 0.02588 some unit
E = 280V/cm,   Vx = -2.1021 cm/us,    Dt = 0.0251365 some unit,    Dl = 0.0266277 some unit
E = 290V/cm,   Vx = -2.19987 cm/us,    Dt = 0.0246629 some unit,    Dl = 0.0265133 some unit
E = 300V/cm,   Vx = -2.29916 cm/us,    Dt = 0.0239063 some unit,    Dl = 0.025935 some unit
E = 310V/cm,   Vx = -2.39912 cm/us,    Dt = 0.0231356 some unit,    Dl = 0.0253701 some unit
E = 320V/cm,   Vx = -2.49882 cm/us,    Dt = 0.0226721 some unit,    Dl = 0.0254128 some unit
E = 330V/cm,   Vx = -2.5972 cm/us,    Dt = 0.0228315 some unit,    Dl = 0.0264674 some unit
E = 340V/cm,   Vx = -2.69556 cm/us,    Dt = 0.0231315 some unit,    Dl = 0.0275608 some unit
E = 350V/cm,   Vx = -2.79391 cm/us,    Dt = 0.023572 some unit,    Dl = 0.028693 some unit
E = 360V/cm,   Vx = -2.89441 cm/us,    Dt = 0.0238753 some unit,    Dl = 0.02877 some unit
E = 370V/cm,   Vx = -2.99474 cm/us,    Dt = 0.0240852 some unit,    Dl = 0.0284069 some unit
E = 380V/cm,   Vx = -3.09416 cm/us,    Dt = 0.0242636 some unit,    Dl = 0.0279048 some unit
E = 390V/cm,   Vx = -3.19266 cm/us,    Dt = 0.0244108 some unit,    Dl = 0.0272636 some unit
E = 400V/cm,   Vx = -3.28807 cm/us,    Dt = 0.024438 some unit,    Dl = 0.0271535 some unit
E = 450V/cm,   Vx = -3.72862 cm/us,    Dt = 0.0251138 some unit,    Dl = 0.0269268 some unit
E = 500V/cm,   Vx = -4.11445 cm/us,    Dt = 0.0266245 some unit,    Dl = 0.0243004 some unit
E = 550V/cm,   Vx = -4.44132 cm/us,    Dt = 0.0271201 some unit,    Dl = 0.0224271 some unit
E = 600V/cm,   Vx = -4.68582 cm/us,    Dt = 0.0298727 some unit,    Dl = 0.0210197 some unit
E = 650V/cm,   Vx = -4.85308 cm/us,    Dt = 0.0308238 some unit,    Dl = 0.021419 some unit
E = 700V/cm,   Vx = -4.9606 cm/us,    Dt = 0.0312981 some unit,    Dl = 0.021025 some unit
E = 750V/cm,   Vx = -5.02247 cm/us,    Dt = 0.0319634 some unit,    Dl = 0.0191233 some unit
E = 800V/cm,   Vx = -5.04528 cm/us,    Dt = 0.0323892 some unit,    Dl = 0.016631 some unit
E = 850V/cm,   Vx = -5.03867 cm/us,    Dt = 0.033007 some unit,    Dl = 0.0153678 some unit
E = 900V/cm,   Vx = -5.01361 cm/us,    Dt = 0.0339567 some unit,    Dl = 0.0161545 some unit
E = 950V/cm,   Vx = -4.9767 cm/us,    Dt = 0.0347929 some unit,    Dl = 0.017309 some unit
E = 1000V/cm,   Vx = -4.93661 cm/us,    Dt = 0.0352896 some unit,    Dl = 0.0178783 some unit
E = 1500V/cm,   Vx = -4.63637 cm/us,    Dt = 0.0384099 some unit,    Dl = 0.0177927 some unit
E = 2000V/cm,   Vx = -4.66571 cm/us,    Dt = 0.0347359 some unit,    Dl = 0.0184196 some unit
E = 2500V/cm,   Vx = -4.84178 cm/us,    Dt = 0.0373191 some unit,    Dl = 0.0196166 some unit
E = 3000V/cm,   Vx = -4.96971 cm/us,    Dt = 0.0359031 some unit,    Dl = 0.0185339 some unit
E = 3500V/cm,   Vx = -5.05584 cm/us,    Dt = 0.0361175 some unit,    Dl = 0.018206 some unit
E = 4000V/cm,   Vx = -5.05138 cm/us,    Dt = 0.0335445 some unit,    Dl = 0.0177459 some unit
E = 4500V/cm,   Vx = -5.02389 cm/us,    Dt = 0.0356457 some unit,    Dl = 0.0169184 some unit
E = 5000V/cm,   Vx = -4.97993 cm/us,    Dt = 0.0353787 some unit,    Dl = 0.0164889 some unit
E = 5500V/cm,   Vx = -4.92562 cm/us,    Dt = 0.0336263 some unit,    Dl = 0.0168314 some unit
E = 6000V/cm,   Vx = -4.87721 cm/us,    Dt = 0.0325639 some unit,    Dl = 0.0163952 some unit
E = 6500V/cm,   Vx = -4.85765 cm/us,    Dt = 0.0325639 some unit,    Dl = 0.0169496 some unit
E = 7000V/cm,   Vx = -4.8738 cm/us,    Dt = 0.0323038 some unit,    Dl = 0.0173634 some unit
E = 7500V/cm,   Vx = -4.89863 cm/us,    Dt = 0.0323716 some unit,    Dl = 0.0186571 some unit
E = 8000V/cm,   Vx = -4.92382 cm/us,    Dt = 0.0326398 some unit,    Dl = 0.020222 some unit
E = 8500V/cm,   Vx = -4.95495 cm/us,    Dt = 0.0323801 some unit,    Dl = 0.0198057 some unit
E = 9000V/cm,   Vx = -4.99771 cm/us,    Dt = 0.0319772 some unit,    Dl = 0.0188538 some unit
E = 9500V/cm,   Vx = -5.05823 cm/us,    Dt = 0.031876 some unit,    Dl = 0.0190252 some unit
MediumMagboltz::LoadGasFile: Reading Ar-CO2(91-9).gas.
MediumMagboltz::LoadGasFile: Version 12
MediumMagboltz::LoadGasFile:
    Gas composition set to Ar/CO2 (91/9)
E = 10V/cm,   Vx = -0.0698014 cm/us,    Dt = 0.0823024 some unit,    Dl = 0.0737835 some unit
E = 20V/cm,   Vx = -0.136709 cm/us,    Dt = 0.0599398 some unit,    Dl = 0.0546154 some unit
E = 30V/cm,   Vx = -0.207807 cm/us,    Dt = 0.0480886 some unit,    Dl = 0.0464073 some unit
E = 40V/cm,   Vx = -0.276778 cm/us,    Dt = 0.0428158 some unit,    Dl = 0.0406754 some unit
E = 50V/cm,   Vx = -0.341583 cm/us,    Dt = 0.0367397 some unit,    Dl = 0.0376713 some unit
E = 60V/cm,   Vx = -0.413043 cm/us,    Dt = 0.034822 some unit,    Dl = 0.0352573 some unit
E = 70V/cm,   Vx = -0.48008 cm/us,    Dt = 0.0296731 some unit,    Dl = 0.0300981 some unit
E = 80V/cm,   Vx = -0.553521 cm/us,    Dt = 0.030067 some unit,    Dl = 0.0294167 some unit
E = 90V/cm,   Vx = -0.62684 cm/us,    Dt = 0.0297162 some unit,    Dl = 0.0291963 some unit
E = 100V/cm,   Vx = -0.699082 cm/us,    Dt = 0.0280258 some unit,    Dl = 0.0268276 some unit
E = 110V/cm,   Vx = -0.773441 cm/us,    Dt = 0.0258489 some unit,    Dl = 0.0276819 some unit
E = 120V/cm,   Vx = -0.853863 cm/us,    Dt = 0.027962 some unit,    Dl = 0.0251292 some unit
E = 130V/cm,   Vx = -0.933575 cm/us,    Dt = 0.0264966 some unit,    Dl = 0.0265331 some unit
E = 140V/cm,   Vx = -1.0152 cm/us,    Dt = 0.0257483 some unit,    Dl = 0.0278405 some unit
E = 150V/cm,   Vx = -1.09982 cm/us,    Dt = 0.0259028 some unit,    Dl = 0.0280535 some unit
E = 160V/cm,   Vx = -1.18763 cm/us,    Dt = 0.0255 some unit,    Dl = 0.0275456 some unit
E = 170V/cm,   Vx = -1.27584 cm/us,    Dt = 0.0241941 some unit,    Dl = 0.0263936 some unit
E = 180V/cm,   Vx = -1.36418 cm/us,    Dt = 0.0224711 some unit,    Dl = 0.0251664 some unit
E = 190V/cm,   Vx = -1.455 cm/us,    Dt = 0.0219907 some unit,    Dl = 0.0249159 some unit
E = 200V/cm,   Vx = -1.54911 cm/us,    Dt = 0.0226785 some unit,    Dl = 0.0255394 some unit
E = 210V/cm,   Vx = -1.64634 cm/us,    Dt = 0.0232752 some unit,    Dl = 0.0262049 some unit
E = 220V/cm,   Vx = -1.74613 cm/us,    Dt = 0.0233241 some unit,    Dl = 0.0264279 some unit
E = 230V/cm,   Vx = -1.84778 cm/us,    Dt = 0.0233983 some unit,    Dl = 0.0263399 some unit
E = 240V/cm,   Vx = -1.95009 cm/us,    Dt = 0.0239488 some unit,    Dl = 0.0257136 some unit
E = 250V/cm,   Vx = -2.05391 cm/us,    Dt = 0.0244258 some unit,    Dl = 0.0253081 some unit
E = 260V/cm,   Vx = -2.16006 cm/us,    Dt = 0.0244132 some unit,    Dl = 0.025981 some unit
E = 270V/cm,   Vx = -2.26786 cm/us,    Dt = 0.0239942 some unit,    Dl = 0.0274701 some unit
E = 280V/cm,   Vx = -2.37635 cm/us,    Dt = 0.0235751 some unit,    Dl = 0.0289089 some unit
E = 290V/cm,   Vx = -2.48434 cm/us,    Dt = 0.0237024 some unit,    Dl = 0.0289706 some unit
E = 300V/cm,   Vx = -2.59146 cm/us,    Dt = 0.0242563 some unit,    Dl = 0.0280487 some unit
E = 310V/cm,   Vx = -2.69827 cm/us,    Dt = 0.0249109 some unit,    Dl = 0.0269593 some unit
E = 320V/cm,   Vx = -2.8054 cm/us,    Dt = 0.0254463 some unit,    Dl = 0.0263562 some unit
E = 330V/cm,   Vx = -2.91264 cm/us,    Dt = 0.0256282 some unit,    Dl = 0.0268572 some unit
E = 340V/cm,   Vx = -3.0187 cm/us,    Dt = 0.0257782 some unit,    Dl = 0.0274694 some unit
E = 350V/cm,   Vx = -3.12358 cm/us,    Dt = 0.0258963 some unit,    Dl = 0.0281931 some unit
E = 360V/cm,   Vx = -3.22596 cm/us,    Dt = 0.0262054 some unit,    Dl = 0.0282113 some unit
E = 370V/cm,   Vx = -3.32574 cm/us,    Dt = 0.0265996 some unit,    Dl = 0.0279298 some unit
E = 380V/cm,   Vx = -3.42318 cm/us,    Dt = 0.0270202 some unit,    Dl = 0.0275664 some unit
E = 390V/cm,   Vx = -3.51828 cm/us,    Dt = 0.0274672 some unit,    Dl = 0.0271212 some unit
E = 400V/cm,   Vx = -3.611 cm/us,    Dt = 0.0279531 some unit,    Dl = 0.0270393 some unit
E = 450V/cm,   Vx = -4.03257 cm/us,    Dt = 0.0286896 some unit,    Dl = 0.0265365 some unit
E = 500V/cm,   Vx = -4.37268 cm/us,    Dt = 0.0281037 some unit,    Dl = 0.0233145 some unit
E = 550V/cm,   Vx = -4.62027 cm/us,    Dt = 0.0304716 some unit,    Dl = 0.0203727 some unit
E = 600V/cm,   Vx = -4.7857 cm/us,    Dt = 0.0303795 some unit,    Dl = 0.0201051 some unit
E = 650V/cm,   Vx = -4.88746 cm/us,    Dt = 0.0315137 some unit,    Dl = 0.0198929 some unit
E = 700V/cm,   Vx = -4.93155 cm/us,    Dt = 0.0322876 some unit,    Dl = 0.0185433 some unit
E = 750V/cm,   Vx = -4.93182 cm/us,    Dt = 0.032767 some unit,    Dl = 0.016842 some unit
E = 800V/cm,   Vx = -4.90639 cm/us,    Dt = 0.0354049 some unit,    Dl = 0.0176134 some unit
E = 850V/cm,   Vx = -4.86557 cm/us,    Dt = 0.0369081 some unit,    Dl = 0.0182178 some unit
E = 900V/cm,   Vx = -4.81949 cm/us,    Dt = 0.0361724 some unit,    Dl = 0.0174544 some unit
E = 950V/cm,   Vx = -4.7675 cm/us,    Dt = 0.0368594 some unit,    Dl = 0.0165969 some unit
E = 1000V/cm,   Vx = -4.71403 cm/us,    Dt = 0.0398147 some unit,    Dl = 0.0162136 some unit
E = 1500V/cm,   Vx = -4.42688 cm/us,    Dt = 0.0412736 some unit,    Dl = 0.0182347 some unit
E = 2000V/cm,   Vx = -4.49196 cm/us,    Dt = 0.0390091 some unit,    Dl = 0.0205835 some unit
E = 2500V/cm,   Vx = -4.65912 cm/us,    Dt = 0.0400357 some unit,    Dl = 0.0182947 some unit
E = 3000V/cm,   Vx = -4.78315 cm/us,    Dt = 0.0370196 some unit,    Dl = 0.0197945 some unit
E = 3500V/cm,   Vx = -4.82913 cm/us,    Dt = 0.0380694 some unit,    Dl = 0.0174545 some unit
E = 4000V/cm,   Vx = -4.80331 cm/us,    Dt = 0.0363739 some unit,    Dl = 0.017081 some unit
E = 4500V/cm,   Vx = -4.74932 cm/us,    Dt = 0.0350876 some unit,    Dl = 0.0167618 some unit
E = 5000V/cm,   Vx = -4.69969 cm/us,    Dt = 0.0333866 some unit,    Dl = 0.0175694 some unit
E = 5500V/cm,   Vx = -4.65858 cm/us,    Dt = 0.0335434 some unit,    Dl = 0.0178832 some unit
E = 6000V/cm,   Vx = -4.6342 cm/us,    Dt = 0.0350005 some unit,    Dl = 0.0178505 some unit
E = 6500V/cm,   Vx = -4.62765 cm/us,    Dt = 0.0351198 some unit,    Dl = 0.019696 some unit
E = 7000V/cm,   Vx = -4.64281 cm/us,    Dt = 0.0332378 some unit,    Dl = 0.0196838 some unit
E = 7500V/cm,   Vx = -4.67233 cm/us,    Dt = 0.0323278 some unit,    Dl = 0.0190356 some unit
E = 8000V/cm,   Vx = -4.71249 cm/us,    Dt = 0.0325818 some unit,    Dl = 0.0187742 some unit
E = 8500V/cm,   Vx = -4.76154 cm/us,    Dt = 0.0316529 some unit,    Dl = 0.0205321 some unit
E = 9000V/cm,   Vx = -4.82339 cm/us,    Dt = 0.0305063 some unit,    Dl = 0.0222365 some unit
E = 9500V/cm,   Vx = -4.90242 cm/us,    Dt = 0.0302694 some unit,    Dl = 0.0215566 some unit
MediumMagboltz::LoadGasFile: Reading Ar-CO2(92-8).gas.
MediumMagboltz::LoadGasFile: Version 12
MediumMagboltz::LoadGasFile:
    Gas composition set to Ar/CO2 (92/8)
E = 10V/cm,   Vx = -0.0754203 cm/us,    Dt = 0.0815086 some unit,    Dl = 0.0950971 some unit
E = 20V/cm,   Vx = -0.150499 cm/us,    Dt = 0.0573632 some unit,    Dl = 0.0564972 some unit
E = 30V/cm,   Vx = -0.225779 cm/us,    Dt = 0.0439649 some unit,    Dl = 0.0448659 some unit
E = 40V/cm,   Vx = -0.303263 cm/us,    Dt = 0.0387655 some unit,    Dl = 0.040141 some unit
E = 50V/cm,   Vx = -0.378393 cm/us,    Dt = 0.0343534 some unit,    Dl = 0.0368918 some unit
E = 60V/cm,   Vx = -0.455694 cm/us,    Dt = 0.0337232 some unit,    Dl = 0.0344909 some unit
E = 70V/cm,   Vx = -0.533833 cm/us,    Dt = 0.0305758 some unit,    Dl = 0.0350634 some unit
E = 80V/cm,   Vx = -0.614416 cm/us,    Dt = 0.0303026 some unit,    Dl = 0.0323432 some unit
E = 90V/cm,   Vx = -0.700135 cm/us,    Dt = 0.0298109 some unit,    Dl = 0.0283623 some unit
E = 100V/cm,   Vx = -0.782562 cm/us,    Dt = 0.0273235 some unit,    Dl = 0.0283062 some unit
E = 110V/cm,   Vx = -0.868544 cm/us,    Dt = 0.0271137 some unit,    Dl = 0.0288397 some unit
E = 120V/cm,   Vx = -0.961379 cm/us,    Dt = 0.0276559 some unit,    Dl = 0.0286494 some unit
E = 130V/cm,   Vx = -1.04978 cm/us,    Dt = 0.0257777 some unit,    Dl = 0.0293079 some unit
E = 140V/cm,   Vx = -1.14474 cm/us,    Dt = 0.0253434 some unit,    Dl = 0.0278466 some unit
E = 150V/cm,   Vx = -1.24485 cm/us,    Dt = 0.0261605 some unit,    Dl = 0.0264027 some unit
E = 160V/cm,   Vx = -1.34414 cm/us,    Dt = 0.0263849 some unit,    Dl = 0.0285447 some unit
E = 170V/cm,   Vx = -1.44626 cm/us,    Dt = 0.0261082 some unit,    Dl = 0.030248 some unit
E = 180V/cm,   Vx = -1.55209 cm/us,    Dt = 0.0254638 some unit,    Dl = 0.0302256 some unit
E = 190V/cm,   Vx = -1.66011 cm/us,    Dt = 0.0247648 some unit,    Dl = 0.0299239 some unit
E = 200V/cm,   Vx = -1.77019 cm/us,    Dt = 0.0244017 some unit,    Dl = 0.0296881 some unit
E = 210V/cm,   Vx = -1.88367 cm/us,    Dt = 0.0247995 some unit,    Dl = 0.0292365 some unit
E = 220V/cm,   Vx = -1.99959 cm/us,    Dt = 0.0257813 some unit,    Dl = 0.0286534 some unit
E = 230V/cm,   Vx = -2.11586 cm/us,    Dt = 0.0267094 some unit,    Dl = 0.0280902 some unit
E = 240V/cm,   Vx = -2.22912 cm/us,    Dt = 0.0266982 some unit,    Dl = 0.0277724 some unit
E = 250V/cm,   Vx = -2.34311 cm/us,    Dt = 0.0263255 some unit,    Dl = 0.0276302 some unit
E = 260V/cm,   Vx = -2.46059 cm/us,    Dt = 0.0254527 some unit,    Dl = 0.027714 some unit
E = 270V/cm,   Vx = -2.5809 cm/us,    Dt = 0.0245109 some unit,    Dl = 0.0279937 some unit
E = 280V/cm,   Vx = -2.70128 cm/us,    Dt = 0.0237641 some unit,    Dl = 0.0284138 some unit
E = 290V/cm,   Vx = -2.81906 cm/us,    Dt = 0.0240485 some unit,    Dl = 0.029229 some unit
E = 300V/cm,   Vx = -2.93354 cm/us,    Dt = 0.0249962 some unit,    Dl = 0.0299855 some unit
E = 310V/cm,   Vx = -3.04599 cm/us,    Dt = 0.026064 some unit,    Dl = 0.0304359 some unit
E = 320V/cm,   Vx = -3.15705 cm/us,    Dt = 0.0267253 some unit,    Dl = 0.0299628 some unit
E = 330V/cm,   Vx = -3.26674 cm/us,    Dt = 0.0265215 some unit,    Dl = 0.0282918 some unit
E = 340V/cm,   Vx = -3.37382 cm/us,    Dt = 0.0262696 some unit,    Dl = 0.0265 some unit
E = 350V/cm,   Vx = -3.47829 cm/us,    Dt = 0.0259694 some unit,    Dl = 0.0245873 some unit
E = 360V/cm,   Vx = -3.5793 cm/us,    Dt = 0.0264003 some unit,    Dl = 0.0237006 some unit
E = 370V/cm,   Vx = -3.67639 cm/us,    Dt = 0.0271257 some unit,    Dl = 0.0234194 some unit
E = 380V/cm,   Vx = -3.76966 cm/us,    Dt = 0.0279316 some unit,    Dl = 0.023457 some unit
E = 390V/cm,   Vx = -3.85911 cm/us,    Dt = 0.0288179 some unit,    Dl = 0.0238133 some unit
E = 400V/cm,   Vx = -3.94414 cm/us,    Dt = 0.0294062 some unit,    Dl = 0.024633 some unit
E = 450V/cm,   Vx = -4.30265 cm/us,    Dt = 0.0305707 some unit,    Dl = 0.0259957 some unit
E = 500V/cm,   Vx = -4.55466 cm/us,    Dt = 0.0303786 some unit,    Dl = 0.0222229 some unit
E = 550V/cm,   Vx = -4.71533 cm/us,    Dt = 0.0308645 some unit,    Dl = 0.0227617 some unit
E = 600V/cm,   Vx = -4.7947 cm/us,    Dt = 0.0341596 some unit,    Dl = 0.0184209 some unit
E = 650V/cm,   Vx = -4.8162 cm/us,    Dt = 0.0355834 some unit,    Dl = 0.0184274 some unit
E = 700V/cm,   Vx = -4.79584 cm/us,    Dt = 0.0368157 some unit,    Dl = 0.0183423 some unit
E = 750V/cm,   Vx = -4.74939 cm/us,    Dt = 0.0383431 some unit,    Dl = 0.0167673 some unit
E = 800V/cm,   Vx = -4.6904 cm/us,    Dt = 0.0389244 some unit,    Dl = 0.0160398 some unit
E = 850V/cm,   Vx = -4.62461 cm/us,    Dt = 0.0394483 some unit,    Dl = 0.0162914 some unit
E = 900V/cm,   Vx = -4.55921 cm/us,    Dt = 0.0403951 some unit,    Dl = 0.0174397 some unit
E = 950V/cm,   Vx = -4.4971 cm/us,    Dt = 0.041857 some unit,    Dl = 0.0182726 some unit
E = 1000V/cm,   Vx = -4.44189 cm/us,    Dt = 0.0434086 some unit,    Dl = 0.0182734 some unit
E = 1500V/cm,   Vx = -4.19601 cm/us,    Dt = 0.0412015 some unit,    Dl = 0.0200451 some unit
E = 2000V/cm,   Vx = -4.29852 cm/us,    Dt = 0.0418842 some unit,    Dl = 0.0211297 some unit
E = 2500V/cm,   Vx = -4.45982 cm/us,    Dt = 0.0399346 some unit,    Dl = 0.0189171 some unit
E = 3000V/cm,   Vx = -4.56531 cm/us,    Dt = 0.0374913 some unit,    Dl = 0.0201609 some unit
E = 3500V/cm,   Vx = -4.56876 cm/us,    Dt = 0.0383418 some unit,    Dl = 0.0179827 some unit
E = 4000V/cm,   Vx = -4.53235 cm/us,    Dt = 0.0392177 some unit,    Dl = 0.0179975 some unit
E = 4500V/cm,   Vx = -4.46331 cm/us,    Dt = 0.0379271 some unit,    Dl = 0.0183836 some unit
E = 5000V/cm,   Vx = -4.41801 cm/us,    Dt = 0.036053 some unit,    Dl = 0.0183583 some unit
E = 5500V/cm,   Vx = -4.39494 cm/us,    Dt = 0.0363145 some unit,    Dl = 0.0188253 some unit
E = 6000V/cm,   Vx = -4.3798 cm/us,    Dt = 0.0368357 some unit,    Dl = 0.0199172 some unit
E = 6500V/cm,   Vx = -4.37861 cm/us,    Dt = 0.0339142 some unit,    Dl = 0.0204643 some unit
E = 7000V/cm,   Vx = -4.3943 cm/us,    Dt = 0.0342101 some unit,    Dl = 0.019527 some unit
E = 7500V/cm,   Vx = -4.43222 cm/us,    Dt = 0.033982 some unit,    Dl = 0.0200623 some unit
E = 8000V/cm,   Vx = -4.4899 cm/us,    Dt = 0.0326551 some unit,    Dl = 0.0219621 some unit
E = 8500V/cm,   Vx = -4.55945 cm/us,    Dt = 0.031933 some unit,    Dl = 0.022535 some unit
E = 9000V/cm,   Vx = -4.6378 cm/us,    Dt = 0.0316275 some unit,    Dl = 0.0222831 some unit
E = 9500V/cm,   Vx = -4.72188 cm/us,    Dt = 0.0314861 some unit,    Dl = 0.0218402 some unit
MediumMagboltz::LoadGasFile: Reading Ar-CO2(93-7).gas.
MediumMagboltz::LoadGasFile: Version 12
MediumMagboltz::LoadGasFile:
    Gas composition set to Ar/CO2 (93/7)
E = 10V/cm,   Vx = -0.0842374 cm/us,    Dt = 0.0783512 some unit,    Dl = 0.0841905 some unit
E = 20V/cm,   Vx = -0.166604 cm/us,    Dt = 0.0571142 some unit,    Dl = 0.0610618 some unit
E = 30V/cm,   Vx = -0.254153 cm/us,    Dt = 0.0459917 some unit,    Dl = 0.0466967 some unit
E = 40V/cm,   Vx = -0.337091 cm/us,    Dt = 0.0442686 some unit,    Dl = 0.038685 some unit
E = 50V/cm,   Vx = -0.423136 cm/us,    Dt = 0.0365612 some unit,    Dl = 0.0353155 some unit
E = 60V/cm,   Vx = -0.512336 cm/us,    Dt = 0.0366182 some unit,    Dl = 0.0334125 some unit
E = 70V/cm,   Vx = -0.60475 cm/us,    Dt = 0.0306889 some unit,    Dl = 0.0307626 some unit
E = 80V/cm,   Vx = -0.697414 cm/us,    Dt = 0.0324805 some unit,    Dl = 0.0316654 some unit
E = 90V/cm,   Vx = -0.793299 cm/us,    Dt = 0.0315719 some unit,    Dl = 0.0288958 some unit
E = 100V/cm,   Vx = -0.888877 cm/us,    Dt = 0.0289919 some unit,    Dl = 0.0329561 some unit
E = 110V/cm,   Vx = -0.989043 cm/us,    Dt = 0.0287905 some unit,    Dl = 0.0300678 some unit
E = 120V/cm,   Vx = -1.09188 cm/us,    Dt = 0.0266346 some unit,    Dl = 0.0274197 some unit
E = 130V/cm,   Vx = -1.2056 cm/us,    Dt = 0.0265667 some unit,    Dl = 0.0272286 some unit
E = 140V/cm,   Vx = -1.31828 cm/us,    Dt = 0.0277515 some unit,    Dl = 0.0277725 some unit
E = 150V/cm,   Vx = -1.43195 cm/us,    Dt = 0.0285396 some unit,    Dl = 0.0289833 some unit
E = 160V/cm,   Vx = -1.55356 cm/us,    Dt = 0.0273247 some unit,    Dl = 0.0311645 some unit
E = 170V/cm,   Vx = -1.67691 cm/us,    Dt = 0.0261123 some unit,    Dl = 0.0306332 some unit
E = 180V/cm,   Vx = -1.80011 cm/us,    Dt = 0.0257789 some unit,    Dl = 0.027618 some unit
E = 190V/cm,   Vx = -1.92583 cm/us,    Dt = 0.026208 some unit,    Dl = 0.0270048 some unit
E = 200V/cm,   Vx = -2.05387 cm/us,    Dt = 0.026934 some unit,    Dl = 0.0287917 some unit
E = 210V/cm,   Vx = -2.18303 cm/us,    Dt = 0.0271657 some unit,    Dl = 0.0296384 some unit
E = 220V/cm,   Vx = -2.31233 cm/us,    Dt = 0.0267714 some unit,    Dl = 0.0286911 some unit
E = 230V/cm,   Vx = -2.44185 cm/us,    Dt = 0.0264035 some unit,    Dl = 0.0277119 some unit
E = 240V/cm,   Vx = -2.57116 cm/us,    Dt = 0.0267783 some unit,    Dl = 0.0283819 some unit
E = 250V/cm,   Vx = -2.7001 cm/us,    Dt = 0.0273976 some unit,    Dl = 0.029136 some unit
E = 260V/cm,   Vx = -2.82973 cm/us,    Dt = 0.0282771 some unit,    Dl = 0.0291658 some unit
E = 270V/cm,   Vx = -2.95824 cm/us,    Dt = 0.0291534 some unit,    Dl = 0.0284404 some unit
E = 280V/cm,   Vx = -3.0841 cm/us,    Dt = 0.0299285 some unit,    Dl = 0.0276883 some unit
E = 290V/cm,   Vx = -3.2047 cm/us,    Dt = 0.0302203 some unit,    Dl = 0.0279423 some unit
E = 300V/cm,   Vx = -3.31975 cm/us,    Dt = 0.0301621 some unit,    Dl = 0.0287385 some unit
E = 310V/cm,   Vx = -3.43058 cm/us,    Dt = 0.0299938 some unit,    Dl = 0.0294039 some unit
E = 320V/cm,   Vx = -3.53824 cm/us,    Dt = 0.0299023 some unit,    Dl = 0.02913 some unit
E = 330V/cm,   Vx = -3.64293 cm/us,    Dt = 0.0300868 some unit,    Dl = 0.0274167 some unit
E = 340V/cm,   Vx = -3.74272 cm/us,    Dt = 0.0302737 some unit,    Dl = 0.0256108 some unit
E = 350V/cm,   Vx = -3.83761 cm/us,    Dt = 0.030463 some unit,    Dl = 0.0237121 some unit
E = 360V/cm,   Vx = -3.92481 cm/us,    Dt = 0.0303497 some unit,    Dl = 0.0231852 some unit
E = 370V/cm,   Vx = -4.00585 cm/us,    Dt = 0.0301869 some unit,    Dl = 0.0233074 some unit
E = 380V/cm,   Vx = -4.08147 cm/us,    Dt = 0.030069 some unit,    Dl = 0.0236886 some unit
E = 390V/cm,   Vx = -4.15169 cm/us,    Dt = 0.029996 some unit,    Dl = 0.024329 some unit
E = 400V/cm,   Vx = -4.21765 cm/us,    Dt = 0.030393 some unit,    Dl = 0.0247793 some unit
E = 450V/cm,   Vx = -4.47672 cm/us,    Dt = 0.0329879 some unit,    Dl = 0.0246768 some unit
E = 500V/cm,   Vx = -4.62173 cm/us,    Dt = 0.0331091 some unit,    Dl = 0.0214604 some unit
E = 550V/cm,   Vx = -4.67802 cm/us,    Dt = 0.0342418 some unit,    Dl = 0.0190033 some unit
E = 600V/cm,   Vx = -4.67333 cm/us,    Dt = 0.0396012 some unit,    Dl = 0.0189163 some unit
E = 650V/cm,   Vx = -4.62659 cm/us,    Dt = 0.0399887 some unit,    Dl = 0.0190783 some unit
E = 700V/cm,   Vx = -4.55574 cm/us,    Dt = 0.0398048 some unit,    Dl = 0.0193109 some unit
E = 750V/cm,   Vx = -4.4758 cm/us,    Dt = 0.0406163 some unit,    Dl = 0.0193174 some unit
E = 800V/cm,   Vx = -4.39843 cm/us,    Dt = 0.0400267 some unit,    Dl = 0.0182203 some unit
E = 850V/cm,   Vx = -4.32263 cm/us,    Dt = 0.0400208 some unit,    Dl = 0.0180599 some unit
E = 900V/cm,   Vx = -4.25052 cm/us,    Dt = 0.0413635 some unit,    Dl = 0.0194559 some unit
E = 950V/cm,   Vx = -4.18529 cm/us,    Dt = 0.0425782 some unit,    Dl = 0.0197386 some unit
E = 1000V/cm,   Vx = -4.13013 cm/us,    Dt = 0.0429965 some unit,    Dl = 0.0182318 some unit
E = 1500V/cm,   Vx = -3.96534 cm/us,    Dt = 0.0422114 some unit,    Dl = 0.0214126 some unit
E = 2000V/cm,   Vx = -4.10241 cm/us,    Dt = 0.0420288 some unit,    Dl = 0.0222359 some unit
E = 2500V/cm,   Vx = -4.24594 cm/us,    Dt = 0.0403715 some unit,    Dl = 0.0206193 some unit
E = 3000V/cm,   Vx = -4.30985 cm/us,    Dt = 0.0390196 some unit,    Dl = 0.019397 some unit
E = 3500V/cm,   Vx = -4.29002 cm/us,    Dt = 0.0400376 some unit,    Dl = 0.0202082 some unit
E = 4000V/cm,   Vx = -4.22863 cm/us,    Dt = 0.039075 some unit,    Dl = 0.0187256 some unit
E = 4500V/cm,   Vx = -4.15661 cm/us,    Dt = 0.0377856 some unit,    Dl = 0.0185251 some unit
E = 5000V/cm,   Vx = -4.12343 cm/us,    Dt = 0.0358223 some unit,    Dl = 0.0202848 some unit
E = 5500V/cm,   Vx = -4.09661 cm/us,    Dt = 0.0367844 some unit,    Dl = 0.0204522 some unit
E = 6000V/cm,   Vx = -4.08926 cm/us,    Dt = 0.0375883 some unit,    Dl = 0.0205967 some unit
E = 6500V/cm,   Vx = -4.13334 cm/us,    Dt = 0.0346036 some unit,    Dl = 0.0217778 some unit
E = 7000V/cm,   Vx = -4.17167 cm/us,    Dt = 0.0339371 some unit,    Dl = 0.0208368 some unit
E = 7500V/cm,   Vx = -4.22136 cm/us,    Dt = 0.0343533 some unit,    Dl = 0.0200171 some unit
E = 8000V/cm,   Vx = -4.28827 cm/us,    Dt = 0.0349514 some unit,    Dl = 0.0199686 some unit
E = 8500V/cm,   Vx = -4.3765 cm/us,    Dt = 0.0345847 some unit,    Dl = 0.0201856 some unit
E = 9000V/cm,   Vx = -4.47231 cm/us,    Dt = 0.0339591 some unit,    Dl = 0.020621 some unit
E = 9500V/cm,   Vx = -4.56044 cm/us,    Dt = 0.0338924 some unit,    Dl = 0.021232 some unit
MediumMagboltz::LoadGasFile: Reading Ar-CO2(94-6).gas.
MediumMagboltz::LoadGasFile: Version 12
MediumMagboltz::LoadGasFile:
    Gas composition set to Ar/CO2 (94/6)
E = 10V/cm,   Vx = -0.0978624 cm/us,    Dt = 0.0769994 some unit,    Dl = 0.0701423 some unit
E = 20V/cm,   Vx = -0.187908 cm/us,    Dt = 0.0590882 some unit,    Dl = 0.0539686 some unit
E = 30V/cm,   Vx = -0.288311 cm/us,    Dt = 0.046745 some unit,    Dl = 0.0466008 some unit
E = 40V/cm,   Vx = -0.386026 cm/us,    Dt = 0.0405035 some unit,    Dl = 0.040159 some unit
E = 50V/cm,   Vx = -0.488679 cm/us,    Dt = 0.0360169 some unit,    Dl = 0.0416265 some unit
E = 60V/cm,   Vx = -0.585799 cm/us,    Dt = 0.0354495 some unit,    Dl = 0.0342911 some unit
E = 70V/cm,   Vx = -0.69116 cm/us,    Dt = 0.0320318 some unit,    Dl = 0.0365308 some unit
E = 80V/cm,   Vx = -0.801068 cm/us,    Dt = 0.0315581 some unit,    Dl = 0.0326743 some unit
E = 90V/cm,   Vx = -0.913087 cm/us,    Dt = 0.0287622 some unit,    Dl = 0.0294411 some unit
E = 100V/cm,   Vx = -1.03565 cm/us,    Dt = 0.0291486 some unit,    Dl = 0.0319108 some unit
E = 110V/cm,   Vx = -1.15935 cm/us,    Dt = 0.029868 some unit,    Dl = 0.0337743 some unit
E = 120V/cm,   Vx = -1.28199 cm/us,    Dt = 0.030099 some unit,    Dl = 0.032014 some unit
E = 130V/cm,   Vx = -1.41759 cm/us,    Dt = 0.0291145 some unit,    Dl = 0.03083 some unit
E = 140V/cm,   Vx = -1.55367 cm/us,    Dt = 0.0280967 some unit,    Dl = 0.0301298 some unit
E = 150V/cm,   Vx = -1.69033 cm/us,    Dt = 0.0272679 some unit,    Dl = 0.0301085 some unit
E = 160V/cm,   Vx = -1.83254 cm/us,    Dt = 0.0264887 some unit,    Dl = 0.0308425 some unit
E = 170V/cm,   Vx = -1.97794 cm/us,    Dt = 0.0267669 some unit,    Dl = 0.0312503 some unit
E = 180V/cm,   Vx = -2.12501 cm/us,    Dt = 0.0280801 some unit,    Dl = 0.0311756 some unit
E = 190V/cm,   Vx = -2.27373 cm/us,    Dt = 0.0294074 some unit,    Dl = 0.0316522 some unit
E = 200V/cm,   Vx = -2.42216 cm/us,    Dt = 0.0302591 some unit,    Dl = 0.0325933 some unit
E = 210V/cm,   Vx = -2.56867 cm/us,    Dt = 0.030677 some unit,    Dl = 0.0333313 some unit
E = 220V/cm,   Vx = -2.71188 cm/us,    Dt = 0.0306906 some unit,    Dl = 0.0335176 some unit
E = 230V/cm,   Vx = -2.85276 cm/us,    Dt = 0.0304551 some unit,    Dl = 0.03332 some unit
E = 240V/cm,   Vx = -2.99199 cm/us,    Dt = 0.0301442 some unit,    Dl = 0.0326828 some unit
E = 250V/cm,   Vx = -3.12655 cm/us,    Dt = 0.0298814 some unit,    Dl = 0.0319483 some unit
E = 260V/cm,   Vx = -3.25443 cm/us,    Dt = 0.0298323 some unit,    Dl = 0.0314171 some unit
E = 270V/cm,   Vx = -3.37472 cm/us,    Dt = 0.0300372 some unit,    Dl = 0.0311081 some unit
E = 280V/cm,   Vx = -3.48898 cm/us,    Dt = 0.030358 some unit,    Dl = 0.0307531 some unit
E = 290V/cm,   Vx = -3.59848 cm/us,    Dt = 0.0307548 some unit,    Dl = 0.0298263 some unit
E = 300V/cm,   Vx = -3.70265 cm/us,    Dt = 0.0311359 some unit,    Dl = 0.0287051 some unit
E = 310V/cm,   Vx = -3.80067 cm/us,    Dt = 0.0315009 some unit,    Dl = 0.0277663 some unit
E = 320V/cm,   Vx = -3.89166 cm/us,    Dt = 0.031743 some unit,    Dl = 0.0276863 some unit
E = 330V/cm,   Vx = -3.97495 cm/us,    Dt = 0.0318343 some unit,    Dl = 0.0287388 some unit
E = 340V/cm,   Vx = -4.05192 cm/us,    Dt = 0.0319699 some unit,    Dl = 0.029732 some unit
E = 350V/cm,   Vx = -4.12258 cm/us,    Dt = 0.0321499 some unit,    Dl = 0.0306657 some unit
E = 360V/cm,   Vx = -4.18847 cm/us,    Dt = 0.0327819 some unit,    Dl = 0.0297774 some unit
E = 370V/cm,   Vx = -4.24862 cm/us,    Dt = 0.0335286 some unit,    Dl = 0.0282009 some unit
E = 380V/cm,   Vx = -4.30262 cm/us,    Dt = 0.0342638 some unit,    Dl = 0.0264393 some unit
E = 390V/cm,   Vx = -4.35047 cm/us,    Dt = 0.0349875 some unit,    Dl = 0.0244927 some unit
E = 400V/cm,   Vx = -4.38948 cm/us,    Dt = 0.0352048 some unit,    Dl = 0.0235984 some unit
E = 450V/cm,   Vx = -4.50497 cm/us,    Dt = 0.0353537 some unit,    Dl = 0.0219494 some unit
E = 500V/cm,   Vx = -4.53012 cm/us,    Dt = 0.0373415 some unit,    Dl = 0.0203986 some unit
E = 550V/cm,   Vx = -4.48885 cm/us,    Dt = 0.0395322 some unit,    Dl = 0.0221613 some unit
E = 600V/cm,   Vx = -4.408 cm/us,    Dt = 0.0416575 some unit,    Dl = 0.0212138 some unit
E = 650V/cm,   Vx = -4.31732 cm/us,    Dt = 0.0438879 some unit,    Dl = 0.0195825 some unit
E = 700V/cm,   Vx = -4.22064 cm/us,    Dt = 0.0437057 some unit,    Dl = 0.0183386 some unit
E = 750V/cm,   Vx = -4.12487 cm/us,    Dt = 0.0417876 some unit,    Dl = 0.0179579 some unit
E = 800V/cm,   Vx = -4.04159 cm/us,    Dt = 0.0418943 some unit,    Dl = 0.018645 some unit
E = 850V/cm,   Vx = -3.96852 cm/us,    Dt = 0.0431653 some unit,    Dl = 0.0192224 some unit
E = 900V/cm,   Vx = -3.9053 cm/us,    Dt = 0.0449957 some unit,    Dl = 0.0191477 some unit
E = 950V/cm,   Vx = -3.85195 cm/us,    Dt = 0.0461642 some unit,    Dl = 0.0194077 some unit
E = 1000V/cm,   Vx = -3.80786 cm/us,    Dt = 0.0461629 some unit,    Dl = 0.0202009 some unit
E = 1500V/cm,   Vx = -3.71895 cm/us,    Dt = 0.0443969 some unit,    Dl = 0.0236919 some unit
E = 2000V/cm,   Vx = -3.86787 cm/us,    Dt = 0.0421541 some unit,    Dl = 0.0203961 some unit
E = 2500V/cm,   Vx = -4.00029 cm/us,    Dt = 0.0410187 some unit,    Dl = 0.0216797 some unit
E = 3000V/cm,   Vx = -4.00484 cm/us,    Dt = 0.0423423 some unit,    Dl = 0.0205859 some unit
E = 3500V/cm,   Vx = -3.9708 cm/us,    Dt = 0.0378331 some unit,    Dl = 0.0185761 some unit
E = 4000V/cm,   Vx = -3.89295 cm/us,    Dt = 0.039793 some unit,    Dl = 0.0189572 some unit
E = 4500V/cm,   Vx = -3.85867 cm/us,    Dt = 0.0374871 some unit,    Dl = 0.0199657 some unit
E = 5000V/cm,   Vx = -3.82323 cm/us,    Dt = 0.0373811 some unit,    Dl = 0.0206978 some unit
E = 5500V/cm,   Vx = -3.81013 cm/us,    Dt = 0.0370882 some unit,    Dl = 0.0202006 some unit
E = 6000V/cm,   Vx = -3.83998 cm/us,    Dt = 0.0373676 some unit,    Dl = 0.0220001 some unit
E = 6500V/cm,   Vx = -3.87006 cm/us,    Dt = 0.0394491 some unit,    Dl = 0.0236195 some unit
E = 7000V/cm,   Vx = -3.92548 cm/us,    Dt = 0.0378912 some unit,    Dl = 0.0212716 some unit
E = 7500V/cm,   Vx = -4.00269 cm/us,    Dt = 0.0361282 some unit,    Dl = 0.0212431 some unit
E = 8000V/cm,   Vx = -4.09181 cm/us,    Dt = 0.0351132 some unit,    Dl = 0.023657 some unit
E = 8500V/cm,   Vx = -4.17512 cm/us,    Dt = 0.033881 some unit,    Dl = 0.023298 some unit
E = 9000V/cm,   Vx = -4.26028 cm/us,    Dt = 0.0329043 some unit,    Dl = 0.0219404 some unit
E = 9500V/cm,   Vx = -4.35629 cm/us,    Dt = 0.0327207 some unit,    Dl = 0.0216866 some unit
MediumMagboltz::LoadGasFile: Reading Ar-CO2(95-5).gas.
MediumMagboltz::LoadGasFile: Version 12
MediumMagboltz::LoadGasFile:
    Gas composition set to Ar/CO2 (95/5)
E = 10V/cm,   Vx = -0.109847 cm/us,    Dt = 0.0823322 some unit,    Dl = 0.0800158 some unit
E = 20V/cm,   Vx = -0.221259 cm/us,    Dt = 0.0560747 some unit,    Dl = 0.052954 some unit
E = 30V/cm,   Vx = -0.332547 cm/us,    Dt = 0.0451163 some unit,    Dl = 0.0461373 some unit
E = 40V/cm,   Vx = -0.449582 cm/us,    Dt = 0.039131 some unit,    Dl = 0.042685 some unit
E = 50V/cm,   Vx = -0.567779 cm/us,    Dt = 0.0353017 some unit,    Dl = 0.0392886 some unit
E = 60V/cm,   Vx = -0.690548 cm/us,    Dt = 0.0352817 some unit,    Dl = 0.03814 some unit
E = 70V/cm,   Vx = -0.819334 cm/us,    Dt = 0.0359313 some unit,    Dl = 0.0366932 some unit
E = 80V/cm,   Vx = -0.956753 cm/us,    Dt = 0.0329282 some unit,    Dl = 0.0412716 some unit
E = 90V/cm,   Vx = -1.09758 cm/us,    Dt = 0.0319149 some unit,    Dl = 0.03872 some unit
E = 100V/cm,   Vx = -1.2442 cm/us,    Dt = 0.0317701 some unit,    Dl = 0.0364917 some unit
E = 110V/cm,   Vx = -1.39503 cm/us,    Dt = 0.0315816 some unit,    Dl = 0.0338261 some unit
E = 120V/cm,   Vx = -1.55537 cm/us,    Dt = 0.0321502 some unit,    Dl = 0.0336765 some unit
E = 130V/cm,   Vx = -1.71937 cm/us,    Dt = 0.0319752 some unit,    Dl = 0.0354882 some unit
E = 140V/cm,   Vx = -1.8834 cm/us,    Dt = 0.0303262 some unit,    Dl = 0.0357421 some unit
E = 150V/cm,   Vx = -2.04921 cm/us,    Dt = 0.0291695 some unit,    Dl = 0.0349593 some unit
E = 160V/cm,   Vx = -2.22013 cm/us,    Dt = 0.0309918 some unit,    Dl = 0.0352303 some unit
E = 170V/cm,   Vx = -2.39001 cm/us,    Dt = 0.0320782 some unit,    Dl = 0.0348981 some unit
E = 180V/cm,   Vx = -2.55569 cm/us,    Dt = 0.0314851 some unit,    Dl = 0.0341062 some unit
E = 190V/cm,   Vx = -2.71884 cm/us,    Dt = 0.0311261 some unit,    Dl = 0.035234 some unit
E = 200V/cm,   Vx = -2.87748 cm/us,    Dt = 0.0314126 some unit,    Dl = 0.0372538 some unit
E = 210V/cm,   Vx = -3.02926 cm/us,    Dt = 0.0319113 some unit,    Dl = 0.0368687 some unit
E = 220V/cm,   Vx = -3.17263 cm/us,    Dt = 0.0323768 some unit,    Dl = 0.0338127 some unit
E = 230V/cm,   Vx = -3.30879 cm/us,    Dt = 0.0326876 some unit,    Dl = 0.0307856 some unit
E = 240V/cm,   Vx = -3.43848 cm/us,    Dt = 0.0324755 some unit,    Dl = 0.0309967 some unit
E = 250V/cm,   Vx = -3.55974 cm/us,    Dt = 0.0324583 some unit,    Dl = 0.0317214 some unit
E = 260V/cm,   Vx = -3.67159 cm/us,    Dt = 0.0333549 some unit,    Dl = 0.032061 some unit
E = 270V/cm,   Vx = -3.77319 cm/us,    Dt = 0.0349516 some unit,    Dl = 0.0314584 some unit
E = 280V/cm,   Vx = -3.86515 cm/us,    Dt = 0.0365239 some unit,    Dl = 0.0305569 some unit
E = 290V/cm,   Vx = -3.94642 cm/us,    Dt = 0.0370069 some unit,    Dl = 0.0294292 some unit
E = 300V/cm,   Vx = -4.01846 cm/us,    Dt = 0.0366736 some unit,    Dl = 0.0282967 some unit
E = 310V/cm,   Vx = -4.08222 cm/us,    Dt = 0.0361686 some unit,    Dl = 0.0271732 some unit
E = 320V/cm,   Vx = -4.13861 cm/us,    Dt = 0.0359176 some unit,    Dl = 0.0262104 some unit
E = 330V/cm,   Vx = -4.18914 cm/us,    Dt = 0.0364192 some unit,    Dl = 0.0255364 some unit
E = 340V/cm,   Vx = -4.23267 cm/us,    Dt = 0.0370714 some unit,    Dl = 0.0249143 some unit
E = 350V/cm,   Vx = -4.2692 cm/us,    Dt = 0.0378741 some unit,    Dl = 0.0243441 some unit
E = 360V/cm,   Vx = -4.29673 cm/us,    Dt = 0.0385729 some unit,    Dl = 0.0234566 some unit
E = 370V/cm,   Vx = -4.31802 cm/us,    Dt = 0.0391949 some unit,    Dl = 0.0225763 some unit
E = 380V/cm,   Vx = -4.33382 cm/us,    Dt = 0.0397955 some unit,    Dl = 0.0218197 some unit
E = 390V/cm,   Vx = -4.34414 cm/us,    Dt = 0.0403746 some unit,    Dl = 0.0211867 some unit
E = 400V/cm,   Vx = -4.35119 cm/us,    Dt = 0.0409742 some unit,    Dl = 0.0213271 some unit
E = 450V/cm,   Vx = -4.33559 cm/us,    Dt = 0.0424635 some unit,    Dl = 0.0225418 some unit
E = 500V/cm,   Vx = -4.25435 cm/us,    Dt = 0.0423773 some unit,    Dl = 0.0199533 some unit
E = 550V/cm,   Vx = -4.14523 cm/us,    Dt = 0.0433326 some unit,    Dl = 0.0191167 some unit
E = 600V/cm,   Vx = -4.02122 cm/us,    Dt = 0.0415371 some unit,    Dl = 0.0195846 some unit
E = 650V/cm,   Vx = -3.90746 cm/us,    Dt = 0.0439637 some unit,    Dl = 0.018328 some unit
E = 700V/cm,   Vx = -3.80363 cm/us,    Dt = 0.0461882 some unit,    Dl = 0.0178362 some unit
E = 750V/cm,   Vx = -3.71021 cm/us,    Dt = 0.0466406 some unit,    Dl = 0.018606 some unit
E = 800V/cm,   Vx = -3.63002 cm/us,    Dt = 0.0472356 some unit,    Dl = 0.0188133 some unit
E = 850V/cm,   Vx = -3.56593 cm/us,    Dt = 0.0477433 some unit,    Dl = 0.0193015 some unit
E = 900V/cm,   Vx = -3.51864 cm/us,    Dt = 0.0480623 some unit,    Dl = 0.0202785 some unit
E = 950V/cm,   Vx = -3.48411 cm/us,    Dt = 0.0477928 some unit,    Dl = 0.0209579 some unit
E = 1000V/cm,   Vx = -3.458 cm/us,    Dt = 0.0469974 some unit,    Dl = 0.0210833 some unit
E = 1500V/cm,   Vx = -3.45301 cm/us,    Dt = 0.0462367 some unit,    Dl = 0.024829 some unit
E = 2000V/cm,   Vx = -3.6034 cm/us,    Dt = 0.0473021 some unit,    Dl = 0.021598 some unit
E = 2500V/cm,   Vx = -3.68294 cm/us,    Dt = 0.0416217 some unit,    Dl = 0.0230357 some unit
E = 3000V/cm,   Vx = -3.65038 cm/us,    Dt = 0.0432628 some unit,    Dl = 0.0184765 some unit
E = 3500V/cm,   Vx = -3.58958 cm/us,    Dt = 0.0432041 some unit,    Dl = 0.0206615 some unit
E = 4000V/cm,   Vx = -3.53473 cm/us,    Dt = 0.0414796 some unit,    Dl = 0.0208828 some unit
E = 4500V/cm,   Vx = -3.4925 cm/us,    Dt = 0.0420909 some unit,    Dl = 0.0223552 some unit
E = 5000V/cm,   Vx = -3.4958 cm/us,    Dt = 0.0413968 some unit,    Dl = 0.025096 some unit
E = 5500V/cm,   Vx = -3.52715 cm/us,    Dt = 0.0395948 some unit,    Dl = 0.02352 some unit
E = 6000V/cm,   Vx = -3.57779 cm/us,    Dt = 0.0379209 some unit,    Dl = 0.0233172 some unit
E = 6500V/cm,   Vx = -3.65044 cm/us,    Dt = 0.0369354 some unit,    Dl = 0.0231145 some unit
E = 7000V/cm,   Vx = -3.70663 cm/us,    Dt = 0.036251 some unit,    Dl = 0.0228088 some unit
E = 7500V/cm,   Vx = -3.77095 cm/us,    Dt = 0.035506 some unit,    Dl = 0.02259 some unit
E = 8000V/cm,   Vx = -3.85526 cm/us,    Dt = 0.03485 some unit,    Dl = 0.0226092 some unit
E = 8500V/cm,   Vx = -3.97166 cm/us,    Dt = 0.0351076 some unit,    Dl = 0.0232636 some unit
E = 9000V/cm,   Vx = -4.09029 cm/us,    Dt = 0.0354722 some unit,    Dl = 0.0236454 some unit
E = 9500V/cm,   Vx = -4.17798 cm/us,    Dt = 0.035034 some unit,    Dl = 0.0227471 some unit
MediumMagboltz::LoadGasFile: Reading Ar-CO2(96-4).gas.
MediumMagboltz::LoadGasFile: Version 12
MediumMagboltz::LoadGasFile:
    Gas composition set to Ar/CO2 (96/4)
E = 10V/cm,   Vx = -0.130216 cm/us,    Dt = 0.0810391 some unit,    Dl = 0.0859196 some unit
E = 20V/cm,   Vx = -0.262434 cm/us,    Dt = 0.0565202 some unit,    Dl = 0.0590366 some unit
E = 30V/cm,   Vx = -0.396117 cm/us,    Dt = 0.048526 some unit,    Dl = 0.051452 some unit
E = 40V/cm,   Vx = -0.537809 cm/us,    Dt = 0.0434353 some unit,    Dl = 0.0408025 some unit
E = 50V/cm,   Vx = -0.688414 cm/us,    Dt = 0.0399198 some unit,    Dl = 0.0403142 some unit
E = 60V/cm,   Vx = -0.840056 cm/us,    Dt = 0.0359931 some unit,    Dl = 0.0395404 some unit
E = 70V/cm,   Vx = -1.01206 cm/us,    Dt = 0.0361529 some unit,    Dl = 0.0411535 some unit
E = 80V/cm,   Vx = -1.18398 cm/us,    Dt = 0.0357498 some unit,    Dl = 0.0385767 some unit
E = 90V/cm,   Vx = -1.3737 cm/us,    Dt = 0.0351358 some unit,    Dl = 0.0364073 some unit
E = 100V/cm,   Vx = -1.56427 cm/us,    Dt = 0.034152 some unit,    Dl = 0.0386306 some unit
E = 110V/cm,   Vx = -1.75499 cm/us,    Dt = 0.0334298 some unit,    Dl = 0.0385214 some unit
E = 120V/cm,   Vx = -1.95566 cm/us,    Dt = 0.0345689 some unit,    Dl = 0.0382443 some unit
E = 130V/cm,   Vx = -2.16156 cm/us,    Dt = 0.0359179 some unit,    Dl = 0.038183 some unit
E = 140V/cm,   Vx = -2.36018 cm/us,    Dt = 0.0347882 some unit,    Dl = 0.0359799 some unit
E = 150V/cm,   Vx = -2.54997 cm/us,    Dt = 0.0331985 some unit,    Dl = 0.0337778 some unit
E = 160V/cm,   Vx = -2.73437 cm/us,    Dt = 0.0346266 some unit,    Dl = 0.0349713 some unit
E = 170V/cm,   Vx = -2.91087 cm/us,    Dt = 0.0359979 some unit,    Dl = 0.0363051 some unit
E = 180V/cm,   Vx = -3.07726 cm/us,    Dt = 0.0364408 some unit,    Dl = 0.036459 some unit
E = 190V/cm,   Vx = -3.23266 cm/us,    Dt = 0.037268 some unit,    Dl = 0.0359778 some unit
E = 200V/cm,   Vx = -3.3752 cm/us,    Dt = 0.0384214 some unit,    Dl = 0.0350648 some unit
E = 210V/cm,   Vx = -3.50344 cm/us,    Dt = 0.039128 some unit,    Dl = 0.033855 some unit
E = 220V/cm,   Vx = -3.61734 cm/us,    Dt = 0.0392564 some unit,    Dl = 0.0325602 some unit
E = 230V/cm,   Vx = -3.71855 cm/us,    Dt = 0.0393076 some unit,    Dl = 0.0311684 some unit
E = 240V/cm,   Vx = -3.80899 cm/us,    Dt = 0.0398346 some unit,    Dl = 0.0297554 some unit
E = 250V/cm,   Vx = -3.88805 cm/us,    Dt = 0.0402994 some unit,    Dl = 0.0285563 some unit
E = 260V/cm,   Vx = -3.95529 cm/us,    Dt = 0.0402957 some unit,    Dl = 0.0278935 some unit
E = 270V/cm,   Vx = -4.01155 cm/us,    Dt = 0.0399653 some unit,    Dl = 0.027693 some unit
E = 280V/cm,   Vx = -4.05749 cm/us,    Dt = 0.0397242 some unit,    Dl = 0.0276371 some unit
E = 290V/cm,   Vx = -4.09283 cm/us,    Dt = 0.0402915 some unit,    Dl = 0.0273972 some unit
E = 300V/cm,   Vx = -4.11965 cm/us,    Dt = 0.0413814 some unit,    Dl = 0.0269226 some unit
E = 310V/cm,   Vx = -4.1386 cm/us,    Dt = 0.0425342 some unit,    Dl = 0.0263798 some unit
E = 320V/cm,   Vx = -4.15024 cm/us,    Dt = 0.0433178 some unit,    Dl = 0.0257763 some unit
E = 330V/cm,   Vx = -4.15655 cm/us,    Dt = 0.0433596 some unit,    Dl = 0.0251857 some unit
E = 340V/cm,   Vx = -4.15736 cm/us,    Dt = 0.0433316 some unit,    Dl = 0.0246265 some unit
E = 350V/cm,   Vx = -4.15265 cm/us,    Dt = 0.0432338 some unit,    Dl = 0.0240987 some unit
E = 360V/cm,   Vx = -4.14195 cm/us,    Dt = 0.0436462 some unit,    Dl = 0.0237291 some unit
E = 370V/cm,   Vx = -4.12764 cm/us,    Dt = 0.0443004 some unit,    Dl = 0.0234361 some unit
E = 380V/cm,   Vx = -4.11013 cm/us,    Dt = 0.0450445 some unit,    Dl = 0.0231835 some unit
E = 390V/cm,   Vx = -4.08942 cm/us,    Dt = 0.0458783 some unit,    Dl = 0.0229713 some unit
E = 400V/cm,   Vx = -4.06821 cm/us,    Dt = 0.0467313 some unit,    Dl = 0.022689 some unit
E = 450V/cm,   Vx = -3.93693 cm/us,    Dt = 0.0488585 some unit,    Dl = 0.0218842 some unit
E = 500V/cm,   Vx = -3.78033 cm/us,    Dt = 0.0481758 some unit,    Dl = 0.0214418 some unit
E = 550V/cm,   Vx = -3.64418 cm/us,    Dt = 0.0486759 some unit,    Dl = 0.0195082 some unit
E = 600V/cm,   Vx = -3.51438 cm/us,    Dt = 0.0469016 some unit,    Dl = 0.0198058 some unit
E = 650V/cm,   Vx = -3.40399 cm/us,    Dt = 0.0486591 some unit,    Dl = 0.0205779 some unit
E = 700V/cm,   Vx = -3.31452 cm/us,    Dt = 0.0506456 some unit,    Dl = 0.0201653 some unit
E = 750V/cm,   Vx = -3.24405 cm/us,    Dt = 0.0514341 some unit,    Dl = 0.0191895 some unit
E = 800V/cm,   Vx = -3.18928 cm/us,    Dt = 0.0519926 some unit,    Dl = 0.0206896 some unit
E = 850V/cm,   Vx = -3.14832 cm/us,    Dt = 0.0524188 some unit,    Dl = 0.022065 some unit
E = 900V/cm,   Vx = -3.11848 cm/us,    Dt = 0.0527626 some unit,    Dl = 0.0220881 some unit
E = 950V/cm,   Vx = -3.09728 cm/us,    Dt = 0.0527196 some unit,    Dl = 0.0217994 some unit
E = 1000V/cm,   Vx = -3.08232 cm/us,    Dt = 0.0522454 some unit,    Dl = 0.0216675 some unit
E = 1500V/cm,   Vx = -3.16328 cm/us,    Dt = 0.0507062 some unit,    Dl = 0.0224663 some unit
E = 2000V/cm,   Vx = -3.29176 cm/us,    Dt = 0.0487803 some unit,    Dl = 0.0222161 some unit
E = 2500V/cm,   Vx = -3.31612 cm/us,    Dt = 0.045937 some unit,    Dl = 0.0217717 some unit
E = 3000V/cm,   Vx = -3.2531 cm/us,    Dt = 0.045386 some unit,    Dl = 0.021108 some unit
E = 3500V/cm,   Vx = -3.17247 cm/us,    Dt = 0.0432931 some unit,    Dl = 0.0215413 some unit
E = 4000V/cm,   Vx = -3.14434 cm/us,    Dt = 0.0439 some unit,    Dl = 0.0243897 some unit
E = 4500V/cm,   Vx = -3.16331 cm/us,    Dt = 0.0417382 some unit,    Dl = 0.0239897 some unit
E = 5000V/cm,   Vx = -3.17496 cm/us,    Dt = 0.0415609 some unit,    Dl = 0.0240681 some unit
E = 5500V/cm,   Vx = -3.21278 cm/us,    Dt = 0.0403751 some unit,    Dl = 0.0250859 some unit
E = 6000V/cm,   Vx = -3.28273 cm/us,    Dt = 0.0391297 some unit,    Dl = 0.0262334 some unit
E = 6500V/cm,   Vx = -3.36568 cm/us,    Dt = 0.0371183 some unit,    Dl = 0.0260955 some unit
E = 7000V/cm,   Vx = -3.47049 cm/us,    Dt = 0.0387049 some unit,    Dl = 0.0256103 some unit
E = 7500V/cm,   Vx = -3.56182 cm/us,    Dt = 0.0394063 some unit,    Dl = 0.0243281 some unit
E = 8000V/cm,   Vx = -3.64299 cm/us,    Dt = 0.0383266 some unit,    Dl = 0.0229708 some unit
E = 8500V/cm,   Vx = -3.75199 cm/us,    Dt = 0.0373853 some unit,    Dl = 0.0234509 some unit
E = 9000V/cm,   Vx = -3.87675 cm/us,    Dt = 0.0363594 some unit,    Dl = 0.0245707 some unit
E = 9500V/cm,   Vx = -4.00286 cm/us,    Dt = 0.0349552 some unit,    Dl = 0.0249523 some unit
MediumMagboltz::LoadGasFile: Reading Ar-CO2(97-3).gas.
MediumMagboltz::LoadGasFile: Version 12
MediumMagboltz::LoadGasFile:
    Gas composition set to Ar/CO2 (97/3)
E = 10V/cm,   Vx = -0.16016 cm/us,    Dt = 0.0769415 some unit,    Dl = 0.0972407 some unit
E = 20V/cm,   Vx = -0.321799 cm/us,    Dt = 0.0530071 some unit,    Dl = 0.0655444 some unit
E = 30V/cm,   Vx = -0.496315 cm/us,    Dt = 0.0505137 some unit,    Dl = 0.0468515 some unit
E = 40V/cm,   Vx = -0.682824 cm/us,    Dt = 0.0420416 some unit,    Dl = 0.0475711 some unit
E = 50V/cm,   Vx = -0.881822 cm/us,    Dt = 0.0448986 some unit,    Dl = 0.0434485 some unit
E = 60V/cm,   Vx = -1.1043 cm/us,    Dt = 0.0405842 some unit,    Dl = 0.0513551 some unit
E = 70V/cm,   Vx = -1.32795 cm/us,    Dt = 0.0356943 some unit,    Dl = 0.0425851 some unit
E = 80V/cm,   Vx = -1.57395 cm/us,    Dt = 0.0396766 some unit,    Dl = 0.0440225 some unit
E = 90V/cm,   Vx = -1.82058 cm/us,    Dt = 0.0365897 some unit,    Dl = 0.043098 some unit
E = 100V/cm,   Vx = -2.06415 cm/us,    Dt = 0.0398971 some unit,    Dl = 0.0425051 some unit
E = 110V/cm,   Vx = -2.30837 cm/us,    Dt = 0.0473362 some unit,    Dl = 0.0394404 some unit
E = 120V/cm,   Vx = -2.54391 cm/us,    Dt = 0.0428548 some unit,    Dl = 0.0440227 some unit
E = 130V/cm,   Vx = -2.75919 cm/us,    Dt = 0.0392352 some unit,    Dl = 0.0411044 some unit
E = 140V/cm,   Vx = -2.95383 cm/us,    Dt = 0.0371191 some unit,    Dl = 0.0397703 some unit
E = 150V/cm,   Vx = -3.12854 cm/us,    Dt = 0.0376973 some unit,    Dl = 0.0404101 some unit
E = 160V/cm,   Vx = -3.28481 cm/us,    Dt = 0.0414628 some unit,    Dl = 0.0399137 some unit
E = 170V/cm,   Vx = -3.4237 cm/us,    Dt = 0.044589 some unit,    Dl = 0.0381486 some unit
E = 180V/cm,   Vx = -3.54389 cm/us,    Dt = 0.0454036 some unit,    Dl = 0.035537 some unit
E = 190V/cm,   Vx = -3.63978 cm/us,    Dt = 0.0446892 some unit,    Dl = 0.0337337 some unit
E = 200V/cm,   Vx = -3.71427 cm/us,    Dt = 0.0434298 some unit,    Dl = 0.0324968 some unit
E = 210V/cm,   Vx = -3.77363 cm/us,    Dt = 0.0423552 some unit,    Dl = 0.029918 some unit
E = 220V/cm,   Vx = -3.82225 cm/us,    Dt = 0.0424596 some unit,    Dl = 0.0261794 some unit
E = 230V/cm,   Vx = -3.85829 cm/us,    Dt = 0.0440098 some unit,    Dl = 0.0230766 some unit
E = 240V/cm,   Vx = -3.88202 cm/us,    Dt = 0.048239 some unit,    Dl = 0.0230158 some unit
E = 250V/cm,   Vx = -3.89483 cm/us,    Dt = 0.0522895 some unit,    Dl = 0.023663 some unit
E = 260V/cm,   Vx = -3.89584 cm/us,    Dt = 0.054109 some unit,    Dl = 0.0240554 some unit
E = 270V/cm,   Vx = -3.88814 cm/us,    Dt = 0.0533714 some unit,    Dl = 0.0237759 some unit
E = 280V/cm,   Vx = -3.87351 cm/us,    Dt = 0.0518468 some unit,    Dl = 0.0235704 some unit
E = 290V/cm,   Vx = -3.85479 cm/us,    Dt = 0.0507891 some unit,    Dl = 0.0241522 some unit
E = 300V/cm,   Vx = -3.8335 cm/us,    Dt = 0.0505467 some unit,    Dl = 0.0251403 some unit
E = 310V/cm,   Vx = -3.80845 cm/us,    Dt = 0.0505214 some unit,    Dl = 0.0260552 some unit
E = 320V/cm,   Vx = -3.77895 cm/us,    Dt = 0.0507151 some unit,    Dl = 0.0263595 some unit
E = 330V/cm,   Vx = -3.74578 cm/us,    Dt = 0.0509933 some unit,    Dl = 0.0256348 some unit
E = 340V/cm,   Vx = -3.71064 cm/us,    Dt = 0.0512917 some unit,    Dl = 0.0247368 some unit
E = 350V/cm,   Vx = -3.67353 cm/us,    Dt = 0.0516104 some unit,    Dl = 0.0236655 some unit
E = 360V/cm,   Vx = -3.63667 cm/us,    Dt = 0.0519197 some unit,    Dl = 0.0231919 some unit
E = 370V/cm,   Vx = -3.60001 cm/us,    Dt = 0.0520419 some unit,    Dl = 0.0229834 some unit
E = 380V/cm,   Vx = -3.56309 cm/us,    Dt = 0.05196 some unit,    Dl = 0.0228407 some unit
E = 390V/cm,   Vx = -3.5259 cm/us,    Dt = 0.0516742 some unit,    Dl = 0.0227638 some unit
E = 400V/cm,   Vx = -3.48808 cm/us,    Dt = 0.0503125 some unit,    Dl = 0.0224707 some unit
E = 450V/cm,   Vx = -3.30835 cm/us,    Dt = 0.0469049 some unit,    Dl = 0.0203717 some unit
E = 500V/cm,   Vx = -3.1538 cm/us,    Dt = 0.0527702 some unit,    Dl = 0.0197083 some unit
E = 550V/cm,   Vx = -3.01915 cm/us,    Dt = 0.0513099 some unit,    Dl = 0.0212473 some unit
E = 600V/cm,   Vx = -2.91318 cm/us,    Dt = 0.0524271 some unit,    Dl = 0.0216376 some unit
E = 650V/cm,   Vx = -2.83659 cm/us,    Dt = 0.0578781 some unit,    Dl = 0.0213238 some unit
E = 700V/cm,   Vx = -2.77739 cm/us,    Dt = 0.0592005 some unit,    Dl = 0.0219386 some unit
E = 750V/cm,   Vx = -2.73195 cm/us,    Dt = 0.0555423 some unit,    Dl = 0.023475 some unit
E = 800V/cm,   Vx = -2.70729 cm/us,    Dt = 0.0534872 some unit,    Dl = 0.0244437 some unit
E = 850V/cm,   Vx = -2.69271 cm/us,    Dt = 0.0529448 some unit,    Dl = 0.0245647 some unit
E = 900V/cm,   Vx = -2.68196 cm/us,    Dt = 0.053981 some unit,    Dl = 0.0239133 some unit
E = 950V/cm,   Vx = -2.67918 cm/us,    Dt = 0.0550455 some unit,    Dl = 0.02393 some unit
E = 1000V/cm,   Vx = -2.68361 cm/us,    Dt = 0.055378 some unit,    Dl = 0.0250938 some unit
E = 1500V/cm,   Vx = -2.82625 cm/us,    Dt = 0.0553531 some unit,    Dl = 0.0253282 some unit
E = 2000V/cm,   Vx = -2.8992 cm/us,    Dt = 0.0522321 some unit,    Dl = 0.0228881 some unit
E = 2500V/cm,   Vx = -2.84589 cm/us,    Dt = 0.0491462 some unit,    Dl = 0.024605 some unit
E = 3000V/cm,   Vx = -2.77678 cm/us,    Dt = 0.0462657 some unit,    Dl = 0.02382 some unit
E = 3500V/cm,   Vx = -2.74398 cm/us,    Dt = 0.0445415 some unit,    Dl = 0.0234333 some unit
E = 4000V/cm,   Vx = -2.73624 cm/us,    Dt = 0.0454828 some unit,    Dl = 0.026276 some unit
E = 4500V/cm,   Vx = -2.77975 cm/us,    Dt = 0.0472151 some unit,    Dl = 0.0259477 some unit
E = 5000V/cm,   Vx = -2.83343 cm/us,    Dt = 0.0464127 some unit,    Dl = 0.0257659 some unit
E = 5500V/cm,   Vx = -2.90682 cm/us,    Dt = 0.0434416 some unit,    Dl = 0.0272787 some unit
E = 6000V/cm,   Vx = -3.01626 cm/us,    Dt = 0.0420216 some unit,    Dl = 0.0266782 some unit
E = 6500V/cm,   Vx = -3.15444 cm/us,    Dt = 0.0415611 some unit,    Dl = 0.0249468 some unit
E = 7000V/cm,   Vx = -3.24161 cm/us,    Dt = 0.0402461 some unit,    Dl = 0.0246889 some unit
E = 7500V/cm,   Vx = -3.33813 cm/us,    Dt = 0.0381648 some unit,    Dl = 0.0250556 some unit
E = 8000V/cm,   Vx = -3.45652 cm/us,    Dt = 0.0360317 some unit,    Dl = 0.0253099 some unit
E = 8500V/cm,   Vx = -3.57293 cm/us,    Dt = 0.0353273 some unit,    Dl = 0.0242237 some unit
E = 9000V/cm,   Vx = -3.69209 cm/us,    Dt = 0.0353902 some unit,    Dl = 0.0233339 some unit
E = 9500V/cm,   Vx = -3.81981 cm/us,    Dt = 0.0354427 some unit,    Dl = 0.0243687 some unit
MediumMagboltz::LoadGasFile: Reading Ar-CO2(98-2).gas.
MediumMagboltz::LoadGasFile: Version 12
MediumMagboltz::LoadGasFile:
    Gas composition set to Ar/CO2 (98/2)
E = 10V/cm,   Vx = -0.205569 cm/us,    Dt = 0.0883987 some unit,    Dl = 0.0900586 some unit
E = 20V/cm,   Vx = -0.427629 cm/us,    Dt = 0.0477093 some unit,    Dl = 0.0603548 some unit
E = 30V/cm,   Vx = -0.678256 cm/us,    Dt = 0.0489734 some unit,    Dl = 0.0474063 some unit
E = 40V/cm,   Vx = -0.956904 cm/us,    Dt = 0.0435042 some unit,    Dl = 0.0496993 some unit
E = 50V/cm,   Vx = -1.2746 cm/us,    Dt = 0.048375 some unit,    Dl = 0.0585801 some unit
E = 60V/cm,   Vx = -1.60357 cm/us,    Dt = 0.0458761 some unit,    Dl = 0.0540075 some unit
E = 70V/cm,   Vx = -1.92565 cm/us,    Dt = 0.0454114 some unit,    Dl = 0.0623644 some unit
E = 80V/cm,   Vx = -2.23391 cm/us,    Dt = 0.0454084 some unit,    Dl = 0.0465333 some unit
E = 90V/cm,   Vx = -2.52058 cm/us,    Dt = 0.0456835 some unit,    Dl = 0.0402961 some unit
E = 100V/cm,   Vx = -2.76619 cm/us,    Dt = 0.0451808 some unit,    Dl = 0.0378276 some unit
E = 110V/cm,   Vx = -2.9735 cm/us,    Dt = 0.0480844 some unit,    Dl = 0.0415819 some unit
E = 120V/cm,   Vx = -3.15185 cm/us,    Dt = 0.0552257 some unit,    Dl = 0.0395072 some unit
E = 130V/cm,   Vx = -3.28028 cm/us,    Dt = 0.0513263 some unit,    Dl = 0.0410345 some unit
E = 140V/cm,   Vx = -3.3788 cm/us,    Dt = 0.0507161 some unit,    Dl = 0.0373084 some unit
E = 150V/cm,   Vx = -3.45212 cm/us,    Dt = 0.0522144 some unit,    Dl = 0.031106 some unit
E = 160V/cm,   Vx = -3.49853 cm/us,    Dt = 0.0492492 some unit,    Dl = 0.0293511 some unit
E = 170V/cm,   Vx = -3.52285 cm/us,    Dt = 0.0516062 some unit,    Dl = 0.0302505 some unit
E = 180V/cm,   Vx = -3.5302 cm/us,    Dt = 0.0594008 some unit,    Dl = 0.0316822 some unit
E = 190V/cm,   Vx = -3.52227 cm/us,    Dt = 0.0627682 some unit,    Dl = 0.0296425 some unit
E = 200V/cm,   Vx = -3.50371 cm/us,    Dt = 0.0605913 some unit,    Dl = 0.025375 some unit
E = 210V/cm,   Vx = -3.47686 cm/us,    Dt = 0.0571615 some unit,    Dl = 0.0240503 some unit
E = 220V/cm,   Vx = -3.44465 cm/us,    Dt = 0.0550842 some unit,    Dl = 0.0264128 some unit
E = 230V/cm,   Vx = -3.40593 cm/us,    Dt = 0.0541988 some unit,    Dl = 0.0286326 some unit
E = 240V/cm,   Vx = -3.36065 cm/us,    Dt = 0.0561223 some unit,    Dl = 0.0263136 some unit
E = 250V/cm,   Vx = -3.31208 cm/us,    Dt = 0.0584088 some unit,    Dl = 0.0237104 some unit
E = 260V/cm,   Vx = -3.26162 cm/us,    Dt = 0.0596774 some unit,    Dl = 0.0228641 some unit
E = 270V/cm,   Vx = -3.21163 cm/us,    Dt = 0.059473 some unit,    Dl = 0.0241589 some unit
E = 280V/cm,   Vx = -3.1616 cm/us,    Dt = 0.0589118 some unit,    Dl = 0.0258534 some unit
E = 290V/cm,   Vx = -3.11246 cm/us,    Dt = 0.058598 some unit,    Dl = 0.026679 some unit
E = 300V/cm,   Vx = -3.06455 cm/us,    Dt = 0.0587621 some unit,    Dl = 0.0264035 some unit
E = 310V/cm,   Vx = -3.01745 cm/us,    Dt = 0.0591307 some unit,    Dl = 0.0256611 some unit
E = 320V/cm,   Vx = -2.97078 cm/us,    Dt = 0.0599379 some unit,    Dl = 0.0243883 some unit
E = 330V/cm,   Vx = -2.92469 cm/us,    Dt = 0.0610717 some unit,    Dl = 0.0228755 some unit
E = 340V/cm,   Vx = -2.88 cm/us,    Dt = 0.0620256 some unit,    Dl = 0.0213782 some unit
E = 350V/cm,   Vx = -2.8367 cm/us,    Dt = 0.0627996 some unit,    Dl = 0.0198962 some unit
E = 360V/cm,   Vx = -2.79626 cm/us,    Dt = 0.0620505 some unit,    Dl = 0.0188677 some unit
E = 370V/cm,   Vx = -2.75787 cm/us,    Dt = 0.060876 some unit,    Dl = 0.0183068 some unit
E = 380V/cm,   Vx = -2.72112 cm/us,    Dt = 0.0596897 some unit,    Dl = 0.0181262 some unit
E = 390V/cm,   Vx = -2.68602 cm/us,    Dt = 0.0584915 some unit,    Dl = 0.0183261 some unit
E = 400V/cm,   Vx = -2.65133 cm/us,    Dt = 0.0588894 some unit,    Dl = 0.0197021 some unit
E = 450V/cm,   Vx = -2.50488 cm/us,    Dt = 0.0629036 some unit,    Dl = 0.0244174 some unit
E = 500V/cm,   Vx = -2.40271 cm/us,    Dt = 0.0609356 some unit,    Dl = 0.0228602 some unit
E = 550V/cm,   Vx = -2.31987 cm/us,    Dt = 0.0622836 some unit,    Dl = 0.0297878 some unit
E = 600V/cm,   Vx = -2.26701 cm/us,    Dt = 0.0665262 some unit,    Dl = 0.0272282 some unit
E = 650V/cm,   Vx = -2.23849 cm/us,    Dt = 0.069805 some unit,    Dl = 0.0271874 some unit
E = 700V/cm,   Vx = -2.21953 cm/us,    Dt = 0.0662697 some unit,    Dl = 0.024452 some unit
E = 750V/cm,   Vx = -2.20609 cm/us,    Dt = 0.0596014 some unit,    Dl = 0.0197882 some unit
E = 800V/cm,   Vx = -2.20487 cm/us,    Dt = 0.0636762 some unit,    Dl = 0.0213608 some unit
E = 850V/cm,   Vx = -2.21513 cm/us,    Dt = 0.0672492 some unit,    Dl = 0.0237196 some unit
E = 900V/cm,   Vx = -2.23354 cm/us,    Dt = 0.0652031 some unit,    Dl = 0.0242758 some unit
E = 950V/cm,   Vx = -2.24879 cm/us,    Dt = 0.0623223 some unit,    Dl = 0.0247887 some unit
E = 1000V/cm,   Vx = -2.25685 cm/us,    Dt = 0.0607608 some unit,    Dl = 0.0257019 some unit
E = 1500V/cm,   Vx = -2.3899 cm/us,    Dt = 0.0581439 some unit,    Dl = 0.0265327 some unit
E = 2000V/cm,   Vx = -2.33604 cm/us,    Dt = 0.0561524 some unit,    Dl = 0.0272306 some unit
E = 2500V/cm,   Vx = -2.27422 cm/us,    Dt = 0.054455 some unit,    Dl = 0.02461 some unit
E = 3000V/cm,   Vx = -2.23515 cm/us,    Dt = 0.0508131 some unit,    Dl = 0.0282887 some unit
E = 3500V/cm,   Vx = -2.27655 cm/us,    Dt = 0.0503013 some unit,    Dl = 0.0268805 some unit
E = 4000V/cm,   Vx = -2.32841 cm/us,    Dt = 0.0487812 some unit,    Dl = 0.0310097 some unit
E = 4500V/cm,   Vx = -2.40957 cm/us,    Dt = 0.047469 some unit,    Dl = 0.0311906 some unit
E = 5000V/cm,   Vx = -2.51747 cm/us,    Dt = 0.0472012 some unit,    Dl = 0.0301567 some unit
E = 5500V/cm,   Vx = -2.62297 cm/us,    Dt = 0.0446342 some unit,    Dl = 0.0307627 some unit
E = 6000V/cm,   Vx = -2.71779 cm/us,    Dt = 0.0433003 some unit,    Dl = 0.030025 some unit
E = 6500V/cm,   Vx = -2.82097 cm/us,    Dt = 0.042225 some unit,    Dl = 0.0277635 some unit
E = 7000V/cm,   Vx = -2.95072 cm/us,    Dt = 0.0395944 some unit,    Dl = 0.0272463 some unit
E = 7500V/cm,   Vx = -3.09653 cm/us,    Dt = 0.0390502 some unit,    Dl = 0.0273583 some unit
E = 8000V/cm,   Vx = -3.24672 cm/us,    Dt = 0.0401397 some unit,    Dl = 0.0273948 some unit
E = 8500V/cm,   Vx = -3.38959 cm/us,    Dt = 0.0387067 some unit,    Dl = 0.0267652 some unit
E = 9000V/cm,   Vx = -3.52204 cm/us,    Dt = 0.0364625 some unit,    Dl = 0.0257124 some unit
E = 9500V/cm,   Vx = -3.6411 cm/us,    Dt = 0.0354137 some unit,    Dl = 0.0245278 some unit
MediumMagboltz::LoadGasFile: Reading Ar-CO2(99-1).gas.
MediumMagboltz::LoadGasFile: Version 12
MediumMagboltz::LoadGasFile:
    Gas composition set to Ar/CO2 (99/1)
E = 10V/cm,   Vx = -0.299068 cm/us,    Dt = 0.0759084 some unit,    Dl = 0.068395 some unit
E = 20V/cm,   Vx = -0.688903 cm/us,    Dt = 0.0637369 some unit,    Dl = 0.0691508 some unit
E = 30V/cm,   Vx = -1.1694 cm/us,    Dt = 0.0729104 some unit,    Dl = 0.0645623 some unit
E = 40V/cm,   Vx = -1.66311 cm/us,    Dt = 0.050684 some unit,    Dl = 0.067017 some unit
E = 50V/cm,   Vx = -2.10407 cm/us,    Dt = 0.0635919 some unit,    Dl = 0.0725852 some unit
E = 60V/cm,   Vx = -2.43995 cm/us,    Dt = 0.0586424 some unit,    Dl = 0.0482184 some unit
E = 70V/cm,   Vx = -2.67666 cm/us,    Dt = 0.0680124 some unit,    Dl = 0.0522719 some unit
E = 80V/cm,   Vx = -2.82223 cm/us,    Dt = 0.0628954 some unit,    Dl = 0.0423085 some unit
E = 90V/cm,   Vx = -2.89237 cm/us,    Dt = 0.0704542 some unit,    Dl = 0.0366572 some unit
E = 100V/cm,   Vx = -2.91586 cm/us,    Dt = 0.0732103 some unit,    Dl = 0.0442753 some unit
E = 110V/cm,   Vx = -2.90194 cm/us,    Dt = 0.0741541 some unit,    Dl = 0.0506791 some unit
E = 120V/cm,   Vx = -2.86358 cm/us,    Dt = 0.0765 some unit,    Dl = 0.0276339 some unit
E = 130V/cm,   Vx = -2.81084 cm/us,    Dt = 0.065141 some unit,    Dl = 0.0299285 some unit
E = 140V/cm,   Vx = -2.747 cm/us,    Dt = 0.0655712 some unit,    Dl = 0.0340967 some unit
E = 150V/cm,   Vx = -2.67745 cm/us,    Dt = 0.074009 some unit,    Dl = 0.0357715 some unit
E = 160V/cm,   Vx = -2.6072 cm/us,    Dt = 0.0754603 some unit,    Dl = 0.0379194 some unit
E = 170V/cm,   Vx = -2.5361 cm/us,    Dt = 0.0761786 some unit,    Dl = 0.0351546 some unit
E = 180V/cm,   Vx = -2.46561 cm/us,    Dt = 0.078362 some unit,    Dl = 0.028032 some unit
E = 190V/cm,   Vx = -2.39691 cm/us,    Dt = 0.0834365 some unit,    Dl = 0.0229783 some unit
E = 200V/cm,   Vx = -2.33107 cm/us,    Dt = 0.087831 some unit,    Dl = 0.0219223 some unit
E = 210V/cm,   Vx = -2.2679 cm/us,    Dt = 0.0836842 some unit,    Dl = 0.023488 some unit
E = 220V/cm,   Vx = -2.20807 cm/us,    Dt = 0.072005 some unit,    Dl = 0.0263156 some unit
E = 230V/cm,   Vx = -2.15199 cm/us,    Dt = 0.0612349 some unit,    Dl = 0.0294697 some unit
E = 240V/cm,   Vx = -2.10062 cm/us,    Dt = 0.062496 some unit,    Dl = 0.0310388 some unit
E = 250V/cm,   Vx = -2.05293 cm/us,    Dt = 0.0669334 some unit,    Dl = 0.0317869 some unit
E = 260V/cm,   Vx = -2.00876 cm/us,    Dt = 0.0726422 some unit,    Dl = 0.0312195 some unit
E = 270V/cm,   Vx = -1.96751 cm/us,    Dt = 0.0768793 some unit,    Dl = 0.0299 some unit
E = 280V/cm,   Vx = -1.92915 cm/us,    Dt = 0.0805107 some unit,    Dl = 0.0284591 some unit
E = 290V/cm,   Vx = -1.8934 cm/us,    Dt = 0.0817732 some unit,    Dl = 0.0279671 some unit
E = 300V/cm,   Vx = -1.85999 cm/us,    Dt = 0.0815615 some unit,    Dl = 0.0283597 some unit
E = 310V/cm,   Vx = -1.82903 cm/us,    Dt = 0.0810498 some unit,    Dl = 0.0290393 some unit
E = 320V/cm,   Vx = -1.80043 cm/us,    Dt = 0.0816324 some unit,    Dl = 0.0297555 some unit
E = 330V/cm,   Vx = -1.77405 cm/us,    Dt = 0.0842633 some unit,    Dl = 0.0301396 some unit
E = 340V/cm,   Vx = -1.75002 cm/us,    Dt = 0.0866611 some unit,    Dl = 0.0305118 some unit
E = 350V/cm,   Vx = -1.72834 cm/us,    Dt = 0.0888259 some unit,    Dl = 0.030872 some unit
E = 360V/cm,   Vx = -1.70968 cm/us,    Dt = 0.0877703 some unit,    Dl = 0.0313339 some unit
E = 370V/cm,   Vx = -1.69312 cm/us,    Dt = 0.0855397 some unit,    Dl = 0.0318124 some unit
E = 380V/cm,   Vx = -1.67841 cm/us,    Dt = 0.0830028 some unit,    Dl = 0.0322733 some unit
E = 390V/cm,   Vx = -1.66556 cm/us,    Dt = 0.0801594 some unit,    Dl = 0.0327168 some unit
E = 400V/cm,   Vx = -1.65414 cm/us,    Dt = 0.0797008 some unit,    Dl = 0.0330404 some unit
E = 450V/cm,   Vx = -1.60976 cm/us,    Dt = 0.0768583 some unit,    Dl = 0.0336585 some unit
E = 500V/cm,   Vx = -1.58336 cm/us,    Dt = 0.0717226 some unit,    Dl = 0.0362288 some unit
E = 550V/cm,   Vx = -1.58068 cm/us,    Dt = 0.0887735 some unit,    Dl = 0.042472 some unit
E = 600V/cm,   Vx = -1.58912 cm/us,    Dt = 0.0855315 some unit,    Dl = 0.0412606 some unit
E = 650V/cm,   Vx = -1.59309 cm/us,    Dt = 0.0870947 some unit,    Dl = 0.0353651 some unit
E = 700V/cm,   Vx = -1.60249 cm/us,    Dt = 0.0899437 some unit,    Dl = 0.0303583 some unit
E = 750V/cm,   Vx = -1.62066 cm/us,    Dt = 0.0891434 some unit,    Dl = 0.0286609 some unit
E = 800V/cm,   Vx = -1.64435 cm/us,    Dt = 0.0788735 some unit,    Dl = 0.0302827 some unit
E = 850V/cm,   Vx = -1.66751 cm/us,    Dt = 0.0696505 some unit,    Dl = 0.0314401 some unit
E = 900V/cm,   Vx = -1.68575 cm/us,    Dt = 0.0671468 some unit,    Dl = 0.0302959 some unit
E = 950V/cm,   Vx = -1.70047 cm/us,    Dt = 0.0680181 some unit,    Dl = 0.029673 some unit
E = 1000V/cm,   Vx = -1.71087 cm/us,    Dt = 0.0698694 some unit,    Dl = 0.030401 some unit
E = 1500V/cm,   Vx = -1.69739 cm/us,    Dt = 0.0639418 some unit,    Dl = 0.027893 some unit
E = 2000V/cm,   Vx = -1.61816 cm/us,    Dt = 0.0609528 some unit,    Dl = 0.0274588 some unit
E = 2500V/cm,   Vx = -1.6161 cm/us,    Dt = 0.0583352 some unit,    Dl = 0.0350291 some unit
E = 3000V/cm,   Vx = -1.67999 cm/us,    Dt = 0.0582741 some unit,    Dl = 0.0349743 some unit
E = 3500V/cm,   Vx = -1.78505 cm/us,    Dt = 0.054731 some unit,    Dl = 0.034165 some unit
E = 4000V/cm,   Vx = -1.88817 cm/us,    Dt = 0.0545402 some unit,    Dl = 0.0343601 some unit
E = 4500V/cm,   Vx = -2.01385 cm/us,    Dt = 0.051755 some unit,    Dl = 0.0328792 some unit
E = 5000V/cm,   Vx = -2.17426 cm/us,    Dt = 0.0488605 some unit,    Dl = 0.0318032 some unit
E = 5500V/cm,   Vx = -2.3157 cm/us,    Dt = 0.0504132 some unit,    Dl = 0.0318162 some unit
E = 6000V/cm,   Vx = -2.45764 cm/us,    Dt = 0.0493624 some unit,    Dl = 0.0306252 some unit
E = 6500V/cm,   Vx = -2.61506 cm/us,    Dt = 0.0433154 some unit,    Dl = 0.0304479 some unit
E = 7000V/cm,   Vx = -2.75885 cm/us,    Dt = 0.0427769 some unit,    Dl = 0.0286871 some unit
E = 7500V/cm,   Vx = -2.89694 cm/us,    Dt = 0.042908 some unit,    Dl = 0.0280071 some unit
E = 8000V/cm,   Vx = -3.03054 cm/us,    Dt = 0.0418031 some unit,    Dl = 0.0285487 some unit
E = 8500V/cm,   Vx = -3.1503 cm/us,    Dt = 0.038779 some unit,    Dl = 0.0284415 some unit
E = 9000V/cm,   Vx = -3.27822 cm/us,    Dt = 0.0360261 some unit,    Dl = 0.0279828 some unit
E = 9500V/cm,   Vx = -3.43867 cm/us,    Dt = 0.0359837 some unit,    Dl = 0.0275539 some unit
