MediumMagboltz::LoadGasFile: Reading Ar-CO2(89-11).gas.
MediumMagboltz::LoadGasFile: Version 12
MediumMagboltz::LoadGasFile:
    Gas composition set to Ar/CO2 (89/11)
E = 20V/cm,   Vx = -0.058906 cm/us,  Delta_vx = -0.0624892 cm/us
E = 30V/cm,   Vx = -0.116502 cm/us,  Delta_vx = -0.0637751 cm/us
E = 40V/cm,   Vx = -0.173613 cm/us,  Delta_vx = -0.0623565 cm/us
E = 50V/cm,   Vx = -0.229733 cm/us,  Delta_vx = -0.0645313 cm/us
E = 60V/cm,   Vx = -0.289057 cm/us,  Delta_vx = -0.0618172 cm/us
E = 70V/cm,   Vx = -0.34457 cm/us,  Delta_vx = -0.0633333 cm/us
E = 80V/cm,   Vx = -0.401423 cm/us,  Delta_vx = -0.0692362 cm/us
E = 90V/cm,   Vx = -0.464993 cm/us,  Delta_vx = -0.0631823 cm/us
E = 100V/cm,   Vx = -0.522162 cm/us,  Delta_vx = -0.0648153 cm/us
E = 110V/cm,   Vx = -0.581268 cm/us,  Delta_vx = -0.0648387 cm/us
E = 120V/cm,   Vx = -0.639868 cm/us,  Delta_vx = -0.0696627 cm/us
E = 130V/cm,   Vx = -0.703297 cm/us,  Delta_vx = -0.0691675 cm/us
E = 140V/cm,   Vx = -0.766122 cm/us,  Delta_vx = -0.0718815 cm/us
E = 150V/cm,   Vx = -0.831375 cm/us,  Delta_vx = -0.0723582 cm/us
E = 160V/cm,   Vx = -0.897385 cm/us,  Delta_vx = -0.0703368 cm/us
E = 170V/cm,   Vx = -0.961281 cm/us,  Delta_vx = -0.0731284 cm/us
E = 180V/cm,   Vx = -1.02752 cm/us,  Delta_vx = -0.0770119 cm/us
E = 190V/cm,   Vx = -1.09742 cm/us,  Delta_vx = -0.0786933 cm/us
E = 200V/cm,   Vx = -1.16892 cm/us,  Delta_vx = -0.0799986 cm/us
E = 210V/cm,   Vx = -1.24157 cm/us,  Delta_vx = -0.0817666 cm/us
E = 220V/cm,   Vx = -1.31581 cm/us,  Delta_vx = -0.0836772 cm/us
E = 230V/cm,   Vx = -1.3918 cm/us,  Delta_vx = -0.085535 cm/us
E = 240V/cm,   Vx = -1.46948 cm/us,  Delta_vx = -0.0874287 cm/us
E = 250V/cm,   Vx = -1.54886 cm/us,  Delta_vx = -0.0894811 cm/us
E = 260V/cm,   Vx = -1.63012 cm/us,  Delta_vx = -0.0922138 cm/us
E = 270V/cm,   Vx = -1.71382 cm/us,  Delta_vx = -0.0942352 cm/us
E = 280V/cm,   Vx = -1.79943 cm/us,  Delta_vx = -0.0955449 cm/us
E = 290V/cm,   Vx = -1.88623 cm/us,  Delta_vx = -0.0954629 cm/us
E = 300V/cm,   Vx = -1.97304 cm/us,  Delta_vx = -0.0956729 cm/us
E = 310V/cm,   Vx = -2.05997 cm/us,  Delta_vx = -0.0965567 cm/us
E = 320V/cm,   Vx = -2.14771 cm/us,  Delta_vx = -0.0982364 cm/us
E = 330V/cm,   Vx = -2.23689 cm/us,  Delta_vx = -0.100027 cm/us
E = 340V/cm,   Vx = -2.32779 cm/us,  Delta_vx = -0.100719 cm/us
E = 350V/cm,   Vx = -2.41932 cm/us,  Delta_vx = -0.101411 cm/us
E = 360V/cm,   Vx = -2.51148 cm/us,  Delta_vx = -0.10081 cm/us
E = 370V/cm,   Vx = -2.60314 cm/us,  Delta_vx = -0.100709 cm/us
E = 380V/cm,   Vx = -2.69469 cm/us,  Delta_vx = -0.100885 cm/us
E = 390V/cm,   Vx = -2.78639 cm/us,  Delta_vx = -0.101061 cm/us
E = 400V/cm,   Vx = -2.87826 cm/us,  Delta_vx = -0.103183 cm/us
E = 450V/cm,   Vx = -2.97204 cm/us,  Delta_vx = -0.463797 cm/us
E = 500V/cm,   Vx = -3.42727 cm/us,  Delta_vx = -0.417966 cm/us
E = 550V/cm,   Vx = -3.83735 cm/us,  Delta_vx = -0.374253 cm/us
E = 600V/cm,   Vx = -4.20497 cm/us,  Delta_vx = -0.303846 cm/us
E = 650V/cm,   Vx = -4.50353 cm/us,  Delta_vx = -0.233631 cm/us
E = 700V/cm,   Vx = -4.73319 cm/us,  Delta_vx = -0.175948 cm/us
E = 750V/cm,   Vx = -4.90617 cm/us,  Delta_vx = -0.12579 cm/us
E = 800V/cm,   Vx = -5.03011 cm/us,  Delta_vx = -0.0748482 cm/us
E = 850V/cm,   Vx = -5.10387 cm/us,  Delta_vx = -0.0379695 cm/us
E = 900V/cm,   Vx = -5.14135 cm/us,  Delta_vx = -0.0129738 cm/us
E = 950V/cm,   Vx = -5.15431 cm/us,  Delta_vx = 0.0110123 cm/us
E = 1000V/cm,   Vx = -5.1437 cm/us,  Delta_vx = 0.025949 cm/us
E = 1500V/cm,   Vx = -5.11836 cm/us,  Delta_vx = 0.278923 cm/us
E = 2000V/cm,   Vx = -4.83969 cm/us,  Delta_vx = -0.00385964 cm/us
E = 2500V/cm,   Vx = -4.8433 cm/us,  Delta_vx = -0.141854 cm/us
E = 3000V/cm,   Vx = -4.98475 cm/us,  Delta_vx = -0.159895 cm/us
E = 3500V/cm,   Vx = -5.14444 cm/us,  Delta_vx = -0.109075 cm/us
E = 4000V/cm,   Vx = -5.25337 cm/us,  Delta_vx = -0.033555 cm/us
E = 4500V/cm,   Vx = -5.28692 cm/us,  Delta_vx = 0.0265782 cm/us
E = 5000V/cm,   Vx = -5.26043 cm/us,  Delta_vx = 0.0439016 cm/us
E = 5500V/cm,   Vx = -5.21662 cm/us,  Delta_vx = 0.0519122 cm/us
E = 6000V/cm,   Vx = -5.16482 cm/us,  Delta_vx = 0.0511533 cm/us
E = 6500V/cm,   Vx = -5.11374 cm/us,  Delta_vx = 0.0276437 cm/us
E = 7000V/cm,   Vx = -5.08612 cm/us,  Delta_vx = 0.0040187 cm/us
E = 7500V/cm,   Vx = -5.0821 cm/us,  Delta_vx = -0.00661276 cm/us
E = 8000V/cm,   Vx = -5.08869 cm/us,  Delta_vx = -0.0145631 cm/us
E = 8500V/cm,   Vx = -5.10321 cm/us,  Delta_vx = -0.0266323 cm/us
E = 9000V/cm,   Vx = -5.12977 cm/us,  Delta_vx = -0.0443684 cm/us
E = 9500V/cm,   Vx = -5.17403 cm/us,  Delta_vx = -0.0681962 cm/us
E = 10000V/cm,   Vx = -5.24207 cm/us,  Delta_vx = -0.0901923 cm/us
MediumMagboltz::LoadGasFile: Reading Ar-CO2(90-10).gas.
MediumMagboltz::LoadGasFile: Version 12
MediumMagboltz::LoadGasFile:
    Gas composition set to Ar/CO2 (90/10)
E = 20V/cm,   Vx = -0.0657017 cm/us,  Delta_vx = -0.0670298 cm/us
E = 30V/cm,   Vx = -0.126261 cm/us,  Delta_vx = -0.0686979 cm/us
E = 40V/cm,   Vx = -0.189459 cm/us,  Delta_vx = -0.0674018 cm/us
E = 50V/cm,   Vx = -0.250037 cm/us,  Delta_vx = -0.069722 cm/us
E = 60V/cm,   Vx = -0.313771 cm/us,  Delta_vx = -0.0666894 cm/us
E = 70V/cm,   Vx = -0.374262 cm/us,  Delta_vx = -0.0719325 cm/us
E = 80V/cm,   Vx = -0.440274 cm/us,  Delta_vx = -0.0679727 cm/us
E = 90V/cm,   Vx = -0.501429 cm/us,  Delta_vx = -0.0734027 cm/us
E = 100V/cm,   Vx = -0.568493 cm/us,  Delta_vx = -0.0720068 cm/us
E = 110V/cm,   Vx = -0.633615 cm/us,  Delta_vx = -0.0760484 cm/us
E = 120V/cm,   Vx = -0.702847 cm/us,  Delta_vx = -0.0754875 cm/us
E = 130V/cm,   Vx = -0.771316 cm/us,  Delta_vx = -0.0777988 cm/us
E = 140V/cm,   Vx = -0.841988 cm/us,  Delta_vx = -0.078148 cm/us
E = 150V/cm,   Vx = -0.913018 cm/us,  Delta_vx = -0.0787065 cm/us
E = 160V/cm,   Vx = -0.984536 cm/us,  Delta_vx = -0.0805376 cm/us
E = 170V/cm,   Vx = -1.05762 cm/us,  Delta_vx = -0.0844427 cm/us
E = 180V/cm,   Vx = -1.13415 cm/us,  Delta_vx = -0.0887005 cm/us
E = 190V/cm,   Vx = -1.21463 cm/us,  Delta_vx = -0.0921603 cm/us
E = 200V/cm,   Vx = -1.29832 cm/us,  Delta_vx = -0.093824 cm/us
E = 210V/cm,   Vx = -1.38356 cm/us,  Delta_vx = -0.093191 cm/us
E = 220V/cm,   Vx = -1.46838 cm/us,  Delta_vx = -0.0927709 cm/us
E = 230V/cm,   Vx = -1.55265 cm/us,  Delta_vx = -0.0947131 cm/us
E = 240V/cm,   Vx = -1.63847 cm/us,  Delta_vx = -0.0989631 cm/us
E = 250V/cm,   Vx = -1.72834 cm/us,  Delta_vx = -0.101088 cm/us
E = 260V/cm,   Vx = -1.82014 cm/us,  Delta_vx = -0.102271 cm/us
E = 270V/cm,   Vx = -1.9131 cm/us,  Delta_vx = -0.103244 cm/us
E = 280V/cm,   Vx = -2.00688 cm/us,  Delta_vx = -0.104822 cm/us
E = 290V/cm,   Vx = -2.1021 cm/us,  Delta_vx = -0.10767 cm/us
E = 300V/cm,   Vx = -2.19987 cm/us,  Delta_vx = -0.109255 cm/us
E = 310V/cm,   Vx = -2.29916 cm/us,  Delta_vx = -0.109987 cm/us
E = 320V/cm,   Vx = -2.39912 cm/us,  Delta_vx = -0.109538 cm/us
E = 330V/cm,   Vx = -2.49882 cm/us,  Delta_vx = -0.108214 cm/us
E = 340V/cm,   Vx = -2.5972 cm/us,  Delta_vx = -0.108198 cm/us
E = 350V/cm,   Vx = -2.69556 cm/us,  Delta_vx = -0.108183 cm/us
E = 360V/cm,   Vx = -2.79391 cm/us,  Delta_vx = -0.110578 cm/us
E = 370V/cm,   Vx = -2.89441 cm/us,  Delta_vx = -0.110312 cm/us
E = 380V/cm,   Vx = -2.99474 cm/us,  Delta_vx = -0.109309 cm/us
E = 390V/cm,   Vx = -3.09416 cm/us,  Delta_vx = -0.108305 cm/us
E = 400V/cm,   Vx = -3.19266 cm/us,  Delta_vx = -0.104778 cm/us
E = 450V/cm,   Vx = -3.28807 cm/us,  Delta_vx = -0.448762 cm/us
E = 500V/cm,   Vx = -3.72862 cm/us,  Delta_vx = -0.393058 cm/us
E = 550V/cm,   Vx = -4.11445 cm/us,  Delta_vx = -0.332531 cm/us
E = 600V/cm,   Vx = -4.44132 cm/us,  Delta_vx = -0.248589 cm/us
E = 650V/cm,   Vx = -4.68582 cm/us,  Delta_vx = -0.169948 cm/us
E = 700V/cm,   Vx = -4.85308 cm/us,  Delta_vx = -0.109197 cm/us
E = 750V/cm,   Vx = -4.9606 cm/us,  Delta_vx = -0.0626241 cm/us
E = 800V/cm,   Vx = -5.02247 cm/us,  Delta_vx = -0.0229565 cm/us
E = 850V/cm,   Vx = -5.04528 cm/us,  Delta_vx = 0.00696798 cm/us
E = 900V/cm,   Vx = -5.03867 cm/us,  Delta_vx = 0.0257076 cm/us
E = 950V/cm,   Vx = -5.01361 cm/us,  Delta_vx = 0.0376796 cm/us
E = 1000V/cm,   Vx = -4.9767 cm/us,  Delta_vx = 0.0409227 cm/us
E = 1500V/cm,   Vx = -4.93661 cm/us,  Delta_vx = 0.300468 cm/us
E = 2000V/cm,   Vx = -4.63637 cm/us,  Delta_vx = -0.02961 cm/us
E = 2500V/cm,   Vx = -4.66571 cm/us,  Delta_vx = -0.176376 cm/us
E = 3000V/cm,   Vx = -4.84178 cm/us,  Delta_vx = -0.128152 cm/us
E = 3500V/cm,   Vx = -4.96971 cm/us,  Delta_vx = -0.0861684 cm/us
E = 4000V/cm,   Vx = -5.05584 cm/us,  Delta_vx = 0.00449458 cm/us
E = 4500V/cm,   Vx = -5.05138 cm/us,  Delta_vx = 0.027566 cm/us
E = 5000V/cm,   Vx = -5.02389 cm/us,  Delta_vx = 0.0440579 cm/us
E = 5500V/cm,   Vx = -4.97993 cm/us,  Delta_vx = 0.0544196 cm/us
E = 6000V/cm,   Vx = -4.92562 cm/us,  Delta_vx = 0.0484766 cm/us
E = 6500V/cm,   Vx = -4.87721 cm/us,  Delta_vx = 0.0195393 cm/us
E = 7000V/cm,   Vx = -4.85765 cm/us,  Delta_vx = -0.0161918 cm/us
E = 7500V/cm,   Vx = -4.8738 cm/us,  Delta_vx = -0.0248741 cm/us
E = 8000V/cm,   Vx = -4.89863 cm/us,  Delta_vx = -0.0252457 cm/us
E = 8500V/cm,   Vx = -4.92382 cm/us,  Delta_vx = -0.0312055 cm/us
E = 9000V/cm,   Vx = -4.95495 cm/us,  Delta_vx = -0.0428641 cm/us
E = 9500V/cm,   Vx = -4.99771 cm/us,  Delta_vx = -0.060662 cm/us
E = 10000V/cm,   Vx = -5.05823 cm/us,  Delta_vx = -0.0766329 cm/us
MediumMagboltz::LoadGasFile: Reading Ar-CO2(91-9).gas.
MediumMagboltz::LoadGasFile: Version 12
MediumMagboltz::LoadGasFile:
    Gas composition set to Ar/CO2 (91/9)
E = 20V/cm,   Vx = -0.0698014 cm/us,  Delta_vx = -0.0751211 cm/us
E = 30V/cm,   Vx = -0.136709 cm/us,  Delta_vx = -0.0761651 cm/us
E = 40V/cm,   Vx = -0.207807 cm/us,  Delta_vx = -0.0751143 cm/us
E = 50V/cm,   Vx = -0.276778 cm/us,  Delta_vx = -0.0724687 cm/us
E = 60V/cm,   Vx = -0.341583 cm/us,  Delta_vx = -0.0783473 cm/us
E = 70V/cm,   Vx = -0.413043 cm/us,  Delta_vx = -0.0742176 cm/us
E = 80V/cm,   Vx = -0.48008 cm/us,  Delta_vx = -0.0807945 cm/us
E = 90V/cm,   Vx = -0.553521 cm/us,  Delta_vx = -0.0806111 cm/us
E = 100V/cm,   Vx = -0.62684 cm/us,  Delta_vx = -0.0794387 cm/us
E = 110V/cm,   Vx = -0.699082 cm/us,  Delta_vx = -0.0822646 cm/us
E = 120V/cm,   Vx = -0.773441 cm/us,  Delta_vx = -0.0883421 cm/us
E = 130V/cm,   Vx = -0.853863 cm/us,  Delta_vx = -0.0877462 cm/us
E = 140V/cm,   Vx = -0.933575 cm/us,  Delta_vx = -0.0899428 cm/us
E = 150V/cm,   Vx = -1.0152 cm/us,  Delta_vx = -0.0933395 cm/us
E = 160V/cm,   Vx = -1.09982 cm/us,  Delta_vx = -0.0966711 cm/us
E = 170V/cm,   Vx = -1.18763 cm/us,  Delta_vx = -0.0969763 cm/us
E = 180V/cm,   Vx = -1.27584 cm/us,  Delta_vx = -0.0972553 cm/us
E = 190V/cm,   Vx = -1.36418 cm/us,  Delta_vx = -0.100106 cm/us
E = 200V/cm,   Vx = -1.455 cm/us,  Delta_vx = -0.103677 cm/us
E = 210V/cm,   Vx = -1.54911 cm/us,  Delta_vx = -0.107113 cm/us
E = 220V/cm,   Vx = -1.64634 cm/us,  Delta_vx = -0.109881 cm/us
E = 230V/cm,   Vx = -1.74613 cm/us,  Delta_vx = -0.111818 cm/us
E = 240V/cm,   Vx = -1.84778 cm/us,  Delta_vx = -0.112628 cm/us
E = 250V/cm,   Vx = -1.95009 cm/us,  Delta_vx = -0.114276 cm/us
E = 260V/cm,   Vx = -2.05391 cm/us,  Delta_vx = -0.116899 cm/us
E = 270V/cm,   Vx = -2.16006 cm/us,  Delta_vx = -0.118628 cm/us
E = 280V/cm,   Vx = -2.26786 cm/us,  Delta_vx = -0.119376 cm/us
E = 290V/cm,   Vx = -2.37635 cm/us,  Delta_vx = -0.118708 cm/us
E = 300V/cm,   Vx = -2.48434 cm/us,  Delta_vx = -0.117813 cm/us
E = 310V/cm,   Vx = -2.59146 cm/us,  Delta_vx = -0.117478 cm/us
E = 320V/cm,   Vx = -2.69827 cm/us,  Delta_vx = -0.117906 cm/us
E = 330V/cm,   Vx = -2.8054 cm/us,  Delta_vx = -0.117902 cm/us
E = 340V/cm,   Vx = -2.91264 cm/us,  Delta_vx = -0.116603 cm/us
E = 350V/cm,   Vx = -3.0187 cm/us,  Delta_vx = -0.115305 cm/us
E = 360V/cm,   Vx = -3.12358 cm/us,  Delta_vx = -0.112461 cm/us
E = 370V/cm,   Vx = -3.22596 cm/us,  Delta_vx = -0.109629 cm/us
E = 380V/cm,   Vx = -3.32574 cm/us,  Delta_vx = -0.107055 cm/us
E = 390V/cm,   Vx = -3.42318 cm/us,  Delta_vx = -0.104481 cm/us
E = 400V/cm,   Vx = -3.51828 cm/us,  Delta_vx = -0.10184 cm/us
E = 450V/cm,   Vx = -3.611 cm/us,  Delta_vx = -0.429234 cm/us
E = 500V/cm,   Vx = -4.03257 cm/us,  Delta_vx = -0.345943 cm/us
E = 550V/cm,   Vx = -4.37268 cm/us,  Delta_vx = -0.251611 cm/us
E = 600V/cm,   Vx = -4.62027 cm/us,  Delta_vx = -0.167991 cm/us
E = 650V/cm,   Vx = -4.7857 cm/us,  Delta_vx = -0.103215 cm/us
E = 700V/cm,   Vx = -4.88746 cm/us,  Delta_vx = -0.0444806 cm/us
E = 750V/cm,   Vx = -4.93155 cm/us,  Delta_vx = 6.40466e-05 cm/us
E = 800V/cm,   Vx = -4.93182 cm/us,  Delta_vx = 0.0261182 cm/us
E = 850V/cm,   Vx = -4.90639 cm/us,  Delta_vx = 0.0416878 cm/us
E = 900V/cm,   Vx = -4.86557 cm/us,  Delta_vx = 0.0470535 cm/us
E = 950V/cm,   Vx = -4.81949 cm/us,  Delta_vx = 0.0530674 cm/us
E = 1000V/cm,   Vx = -4.7675 cm/us,  Delta_vx = 0.0545375 cm/us
E = 1500V/cm,   Vx = -4.71403 cm/us,  Delta_vx = 0.287257 cm/us
E = 2000V/cm,   Vx = -4.42688 cm/us,  Delta_vx = -0.0653869 cm/us
E = 2500V/cm,   Vx = -4.49196 cm/us,  Delta_vx = -0.167419 cm/us
E = 3000V/cm,   Vx = -4.65912 cm/us,  Delta_vx = -0.124258 cm/us
E = 3500V/cm,   Vx = -4.78315 cm/us,  Delta_vx = -0.0459992 cm/us
E = 4000V/cm,   Vx = -4.82913 cm/us,  Delta_vx = 0.0259318 cm/us
E = 4500V/cm,   Vx = -4.80331 cm/us,  Delta_vx = 0.0540915 cm/us
E = 5000V/cm,   Vx = -4.74932 cm/us,  Delta_vx = 0.0497265 cm/us
E = 5500V/cm,   Vx = -4.69969 cm/us,  Delta_vx = 0.0411708 cm/us
E = 6000V/cm,   Vx = -4.65858 cm/us,  Delta_vx = 0.0244143 cm/us
E = 6500V/cm,   Vx = -4.6342 cm/us,  Delta_vx = 0.00653528 cm/us
E = 7000V/cm,   Vx = -4.62765 cm/us,  Delta_vx = -0.0152126 cm/us
E = 7500V/cm,   Vx = -4.64281 cm/us,  Delta_vx = -0.0295869 cm/us
E = 8000V/cm,   Vx = -4.67233 cm/us,  Delta_vx = -0.0402549 cm/us
E = 8500V/cm,   Vx = -4.71249 cm/us,  Delta_vx = -0.0491607 cm/us
E = 9000V/cm,   Vx = -4.76154 cm/us,  Delta_vx = -0.061992 cm/us
E = 9500V/cm,   Vx = -4.82339 cm/us,  Delta_vx = -0.0792005 cm/us
E = 10000V/cm,   Vx = -4.90242 cm/us,  Delta_vx = -0.0951646 cm/us
MediumMagboltz::LoadGasFile: Reading Ar-CO2(92-8).gas.
MediumMagboltz::LoadGasFile: Version 12
MediumMagboltz::LoadGasFile:
    Gas composition set to Ar/CO2 (92/8)
E = 20V/cm,   Vx = -0.0754203 cm/us,  Delta_vx = -0.0842867 cm/us
E = 30V/cm,   Vx = -0.150499 cm/us,  Delta_vx = -0.0840366 cm/us
E = 40V/cm,   Vx = -0.225779 cm/us,  Delta_vx = -0.0852041 cm/us
E = 50V/cm,   Vx = -0.303263 cm/us,  Delta_vx = -0.0827782 cm/us
E = 60V/cm,   Vx = -0.378393 cm/us,  Delta_vx = -0.0848452 cm/us
E = 70V/cm,   Vx = -0.455694 cm/us,  Delta_vx = -0.0859008 cm/us
E = 80V/cm,   Vx = -0.533833 cm/us,  Delta_vx = -0.0891925 cm/us
E = 90V/cm,   Vx = -0.614416 cm/us,  Delta_vx = -0.0940412 cm/us
E = 100V/cm,   Vx = -0.700135 cm/us,  Delta_vx = -0.0907029 cm/us
E = 110V/cm,   Vx = -0.782562 cm/us,  Delta_vx = -0.0951748 cm/us
E = 120V/cm,   Vx = -0.868544 cm/us,  Delta_vx = -0.101581 cm/us
E = 130V/cm,   Vx = -0.961379 cm/us,  Delta_vx = -0.0973585 cm/us
E = 140V/cm,   Vx = -1.04978 cm/us,  Delta_vx = -0.10486 cm/us
E = 150V/cm,   Vx = -1.14474 cm/us,  Delta_vx = -0.109953 cm/us
E = 160V/cm,   Vx = -1.24485 cm/us,  Delta_vx = -0.109316 cm/us
E = 170V/cm,   Vx = -1.34414 cm/us,  Delta_vx = -0.112584 cm/us
E = 180V/cm,   Vx = -1.44626 cm/us,  Delta_vx = -0.116569 cm/us
E = 190V/cm,   Vx = -1.55209 cm/us,  Delta_vx = -0.118919 cm/us
E = 200V/cm,   Vx = -1.66011 cm/us,  Delta_vx = -0.121211 cm/us
E = 210V/cm,   Vx = -1.77019 cm/us,  Delta_vx = -0.125033 cm/us
E = 220V/cm,   Vx = -1.88367 cm/us,  Delta_vx = -0.127559 cm/us
E = 230V/cm,   Vx = -1.99959 cm/us,  Delta_vx = -0.127566 cm/us
E = 240V/cm,   Vx = -2.11586 cm/us,  Delta_vx = -0.124633 cm/us
E = 250V/cm,   Vx = -2.22912 cm/us,  Delta_vx = -0.125425 cm/us
E = 260V/cm,   Vx = -2.34311 cm/us,  Delta_vx = -0.129511 cm/us
E = 270V/cm,   Vx = -2.46059 cm/us,  Delta_vx = -0.132342 cm/us
E = 280V/cm,   Vx = -2.5809 cm/us,  Delta_vx = -0.132422 cm/us
E = 290V/cm,   Vx = -2.70128 cm/us,  Delta_vx = -0.129322 cm/us
E = 300V/cm,   Vx = -2.81906 cm/us,  Delta_vx = -0.125813 cm/us
E = 310V/cm,   Vx = -2.93354 cm/us,  Delta_vx = -0.123585 cm/us
E = 320V/cm,   Vx = -3.04599 cm/us,  Delta_vx = -0.122149 cm/us
E = 330V/cm,   Vx = -3.15705 cm/us,  Delta_vx = -0.120511 cm/us
E = 340V/cm,   Vx = -3.26674 cm/us,  Delta_vx = -0.117641 cm/us
E = 350V/cm,   Vx = -3.37382 cm/us,  Delta_vx = -0.114772 cm/us
E = 360V/cm,   Vx = -3.47829 cm/us,  Delta_vx = -0.110896 cm/us
E = 370V/cm,   Vx = -3.5793 cm/us,  Delta_vx = -0.106585 cm/us
E = 380V/cm,   Vx = -3.67639 cm/us,  Delta_vx = -0.102386 cm/us
E = 390V/cm,   Vx = -3.76966 cm/us,  Delta_vx = -0.0981862 cm/us
E = 400V/cm,   Vx = -3.85911 cm/us,  Delta_vx = -0.0932792 cm/us
E = 450V/cm,   Vx = -3.94414 cm/us,  Delta_vx = -0.364529 cm/us
E = 500V/cm,   Vx = -4.30265 cm/us,  Delta_vx = -0.256102 cm/us
E = 550V/cm,   Vx = -4.55466 cm/us,  Delta_vx = -0.162936 cm/us
E = 600V/cm,   Vx = -4.71533 cm/us,  Delta_vx = -0.0802584 cm/us
E = 650V/cm,   Vx = -4.7947 cm/us,  Delta_vx = -0.0214752 cm/us
E = 700V/cm,   Vx = -4.8162 cm/us,  Delta_vx = 0.0210584 cm/us
E = 750V/cm,   Vx = -4.79584 cm/us,  Delta_vx = 0.0475564 cm/us
E = 800V/cm,   Vx = -4.74939 cm/us,  Delta_vx = 0.0602545 cm/us
E = 850V/cm,   Vx = -4.6904 cm/us,  Delta_vx = 0.0671153 cm/us
E = 900V/cm,   Vx = -4.62461 cm/us,  Delta_vx = 0.066682 cm/us
E = 950V/cm,   Vx = -4.55921 cm/us,  Delta_vx = 0.0632684 cm/us
E = 1000V/cm,   Vx = -4.4971 cm/us,  Delta_vx = 0.0562618 cm/us
E = 1500V/cm,   Vx = -4.44189 cm/us,  Delta_vx = 0.245867 cm/us
E = 2000V/cm,   Vx = -4.19601 cm/us,  Delta_vx = -0.102849 cm/us
E = 2500V/cm,   Vx = -4.29852 cm/us,  Delta_vx = -0.161531 cm/us
E = 3000V/cm,   Vx = -4.45982 cm/us,  Delta_vx = -0.10566 cm/us
E = 3500V/cm,   Vx = -4.56531 cm/us,  Delta_vx = -0.00343045 cm/us
E = 4000V/cm,   Vx = -4.56876 cm/us,  Delta_vx = 0.0365407 cm/us
E = 4500V/cm,   Vx = -4.53235 cm/us,  Delta_vx = 0.069163 cm/us
E = 5000V/cm,   Vx = -4.46331 cm/us,  Delta_vx = 0.0453562 cm/us
E = 5500V/cm,   Vx = -4.41801 cm/us,  Delta_vx = 0.0231113 cm/us
E = 6000V/cm,   Vx = -4.39494 cm/us,  Delta_vx = 0.0151628 cm/us
E = 6500V/cm,   Vx = -4.3798 cm/us,  Delta_vx = 0.00117658 cm/us
E = 7000V/cm,   Vx = -4.37861 cm/us,  Delta_vx = -0.0157403 cm/us
E = 7500V/cm,   Vx = -4.3943 cm/us,  Delta_vx = -0.038018 cm/us
E = 8000V/cm,   Vx = -4.43222 cm/us,  Delta_vx = -0.0578105 cm/us
E = 8500V/cm,   Vx = -4.4899 cm/us,  Delta_vx = -0.0696959 cm/us
E = 9000V/cm,   Vx = -4.55945 cm/us,  Delta_vx = -0.0785169 cm/us
E = 9500V/cm,   Vx = -4.6378 cm/us,  Delta_vx = -0.0842543 cm/us
E = 10000V/cm,   Vx = -4.72188 cm/us,  Delta_vx = -0.0909789 cm/us
MediumMagboltz::LoadGasFile: Reading Ar-CO2(93-7).gas.
MediumMagboltz::LoadGasFile: Version 12
MediumMagboltz::LoadGasFile:
    Gas composition set to Ar/CO2 (93/7)
E = 20V/cm,   Vx = -0.0842374 cm/us,  Delta_vx = -0.0915301 cm/us
E = 30V/cm,   Vx = -0.166604 cm/us,  Delta_vx = -0.0957191 cm/us
E = 40V/cm,   Vx = -0.254153 cm/us,  Delta_vx = -0.0910671 cm/us
E = 50V/cm,   Vx = -0.337091 cm/us,  Delta_vx = -0.0948301 cm/us
E = 60V/cm,   Vx = -0.423136 cm/us,  Delta_vx = -0.0984851 cm/us
E = 70V/cm,   Vx = -0.512336 cm/us,  Delta_vx = -0.101474 cm/us
E = 80V/cm,   Vx = -0.60475 cm/us,  Delta_vx = -0.102338 cm/us
E = 90V/cm,   Vx = -0.697414 cm/us,  Delta_vx = -0.105252 cm/us
E = 100V/cm,   Vx = -0.793299 cm/us,  Delta_vx = -0.10551 cm/us
E = 110V/cm,   Vx = -0.888877 cm/us,  Delta_vx = -0.110176 cm/us
E = 120V/cm,   Vx = -0.989043 cm/us,  Delta_vx = -0.114027 cm/us
E = 130V/cm,   Vx = -1.09188 cm/us,  Delta_vx = -0.125311 cm/us
E = 140V/cm,   Vx = -1.2056 cm/us,  Delta_vx = -0.123861 cm/us
E = 150V/cm,   Vx = -1.31828 cm/us,  Delta_vx = -0.125668 cm/us
E = 160V/cm,   Vx = -1.43195 cm/us,  Delta_vx = -0.133971 cm/us
E = 170V/cm,   Vx = -1.55356 cm/us,  Delta_vx = -0.135597 cm/us
E = 180V/cm,   Vx = -1.67691 cm/us,  Delta_vx = -0.135604 cm/us
E = 190V/cm,   Vx = -1.80011 cm/us,  Delta_vx = -0.138459 cm/us
E = 200V/cm,   Vx = -1.92583 cm/us,  Delta_vx = -0.140926 cm/us
E = 210V/cm,   Vx = -2.05387 cm/us,  Delta_vx = -0.142081 cm/us
E = 220V/cm,   Vx = -2.18303 cm/us,  Delta_vx = -0.14224 cm/us
E = 230V/cm,   Vx = -2.31233 cm/us,  Delta_vx = -0.14247 cm/us
E = 240V/cm,   Vx = -2.44185 cm/us,  Delta_vx = -0.142218 cm/us
E = 250V/cm,   Vx = -2.57116 cm/us,  Delta_vx = -0.141814 cm/us
E = 260V/cm,   Vx = -2.7001 cm/us,  Delta_vx = -0.142602 cm/us
E = 270V/cm,   Vx = -2.82973 cm/us,  Delta_vx = -0.141217 cm/us
E = 280V/cm,   Vx = -2.95824 cm/us,  Delta_vx = -0.138291 cm/us
E = 290V/cm,   Vx = -3.0841 cm/us,  Delta_vx = -0.132297 cm/us
E = 300V/cm,   Vx = -3.2047 cm/us,  Delta_vx = -0.126322 cm/us
E = 310V/cm,   Vx = -3.31975 cm/us,  Delta_vx = -0.121684 cm/us
E = 320V/cm,   Vx = -3.43058 cm/us,  Delta_vx = -0.118345 cm/us
E = 330V/cm,   Vx = -3.53824 cm/us,  Delta_vx = -0.114888 cm/us
E = 340V/cm,   Vx = -3.64293 cm/us,  Delta_vx = -0.109501 cm/us
E = 350V/cm,   Vx = -3.74272 cm/us,  Delta_vx = -0.104114 cm/us
E = 360V/cm,   Vx = -3.83761 cm/us,  Delta_vx = -0.0955521 cm/us
E = 370V/cm,   Vx = -3.92481 cm/us,  Delta_vx = -0.0888397 cm/us
E = 380V/cm,   Vx = -4.00585 cm/us,  Delta_vx = -0.0828884 cm/us
E = 390V/cm,   Vx = -4.08147 cm/us,  Delta_vx = -0.0769372 cm/us
E = 400V/cm,   Vx = -4.15169 cm/us,  Delta_vx = -0.0723328 cm/us
E = 450V/cm,   Vx = -4.21765 cm/us,  Delta_vx = -0.263007 cm/us
E = 500V/cm,   Vx = -4.47672 cm/us,  Delta_vx = -0.146912 cm/us
E = 550V/cm,   Vx = -4.62173 cm/us,  Delta_vx = -0.0566998 cm/us
E = 600V/cm,   Vx = -4.67802 cm/us,  Delta_vx = 0.00530991 cm/us
E = 650V/cm,   Vx = -4.67333 cm/us,  Delta_vx = 0.0479592 cm/us
E = 700V/cm,   Vx = -4.62659 cm/us,  Delta_vx = 0.0723773 cm/us
E = 750V/cm,   Vx = -4.55574 cm/us,  Delta_vx = 0.0815044 cm/us
E = 800V/cm,   Vx = -4.4758 cm/us,  Delta_vx = 0.078894 cm/us
E = 850V/cm,   Vx = -4.39843 cm/us,  Delta_vx = 0.0773028 cm/us
E = 900V/cm,   Vx = -4.32263 cm/us,  Delta_vx = 0.0734908 cm/us
E = 950V/cm,   Vx = -4.25052 cm/us,  Delta_vx = 0.0664269 cm/us
E = 1000V/cm,   Vx = -4.18529 cm/us,  Delta_vx = 0.0561669 cm/us
E = 1500V/cm,   Vx = -4.13013 cm/us,  Delta_vx = 0.164637 cm/us
E = 2000V/cm,   Vx = -3.96534 cm/us,  Delta_vx = -0.137394 cm/us
E = 2500V/cm,   Vx = -4.10241 cm/us,  Delta_vx = -0.143741 cm/us
E = 3000V/cm,   Vx = -4.24594 cm/us,  Delta_vx = -0.0639545 cm/us
E = 3500V/cm,   Vx = -4.30985 cm/us,  Delta_vx = 0.0199077 cm/us
E = 4000V/cm,   Vx = -4.29002 cm/us,  Delta_vx = 0.0615467 cm/us
E = 4500V/cm,   Vx = -4.22863 cm/us,  Delta_vx = 0.0721349 cm/us
E = 5000V/cm,   Vx = -4.15661 cm/us,  Delta_vx = 0.0332162 cm/us
E = 5500V/cm,   Vx = -4.12343 cm/us,  Delta_vx = 0.0268836 cm/us
E = 6000V/cm,   Vx = -4.09661 cm/us,  Delta_vx = 0.00728449 cm/us
E = 6500V/cm,   Vx = -4.08926 cm/us,  Delta_vx = -0.0441457 cm/us
E = 7000V/cm,   Vx = -4.13334 cm/us,  Delta_vx = -0.0384162 cm/us
E = 7500V/cm,   Vx = -4.17167 cm/us,  Delta_vx = -0.0498041 cm/us
E = 8000V/cm,   Vx = -4.22136 cm/us,  Delta_vx = -0.0670596 cm/us
E = 8500V/cm,   Vx = -4.28827 cm/us,  Delta_vx = -0.0884231 cm/us
E = 9000V/cm,   Vx = -4.3765 cm/us,  Delta_vx = -0.0959885 cm/us
E = 9500V/cm,   Vx = -4.47231 cm/us,  Delta_vx = -0.0883038 cm/us
E = 10000V/cm,   Vx = -4.56044 cm/us,  Delta_vx = -0.0849071 cm/us
MediumMagboltz::LoadGasFile: Reading Ar-CO2(94-6).gas.
MediumMagboltz::LoadGasFile: Version 12
MediumMagboltz::LoadGasFile:
    Gas composition set to Ar/CO2 (94/6)
E = 20V/cm,   Vx = -0.0978624 cm/us,  Delta_vx = -0.100505 cm/us
E = 30V/cm,   Vx = -0.187908 cm/us,  Delta_vx = -0.110277 cm/us
E = 40V/cm,   Vx = -0.288311 cm/us,  Delta_vx = -0.107275 cm/us
E = 50V/cm,   Vx = -0.386026 cm/us,  Delta_vx = -0.113344 cm/us
E = 60V/cm,   Vx = -0.488679 cm/us,  Delta_vx = -0.107093 cm/us
E = 70V/cm,   Vx = -0.585799 cm/us,  Delta_vx = -0.116391 cm/us
E = 80V/cm,   Vx = -0.69116 cm/us,  Delta_vx = -0.120699 cm/us
E = 90V/cm,   Vx = -0.801068 cm/us,  Delta_vx = -0.123939 cm/us
E = 100V/cm,   Vx = -0.913087 cm/us,  Delta_vx = -0.135035 cm/us
E = 110V/cm,   Vx = -1.03565 cm/us,  Delta_vx = -0.135753 cm/us
E = 120V/cm,   Vx = -1.15935 cm/us,  Delta_vx = -0.135957 cm/us
E = 130V/cm,   Vx = -1.28199 cm/us,  Delta_vx = -0.149453 cm/us
E = 140V/cm,   Vx = -1.41759 cm/us,  Delta_vx = -0.149614 cm/us
E = 150V/cm,   Vx = -1.55367 cm/us,  Delta_vx = -0.150721 cm/us
E = 160V/cm,   Vx = -1.69033 cm/us,  Delta_vx = -0.156625 cm/us
E = 170V/cm,   Vx = -1.83254 cm/us,  Delta_vx = -0.160036 cm/us
E = 180V/cm,   Vx = -1.97794 cm/us,  Delta_vx = -0.161857 cm/us
E = 190V/cm,   Vx = -2.12501 cm/us,  Delta_vx = -0.163612 cm/us
E = 200V/cm,   Vx = -2.27373 cm/us,  Delta_vx = -0.163217 cm/us
E = 210V/cm,   Vx = -2.42216 cm/us,  Delta_vx = -0.160951 cm/us
E = 220V/cm,   Vx = -2.56867 cm/us,  Delta_vx = -0.15739 cm/us
E = 230V/cm,   Vx = -2.71188 cm/us,  Delta_vx = -0.155013 cm/us
E = 240V/cm,   Vx = -2.85276 cm/us,  Delta_vx = -0.152895 cm/us
E = 250V/cm,   Vx = -2.99199 cm/us,  Delta_vx = -0.147754 cm/us
E = 260V/cm,   Vx = -3.12655 cm/us,  Delta_vx = -0.140179 cm/us
E = 270V/cm,   Vx = -3.25443 cm/us,  Delta_vx = -0.131993 cm/us
E = 280V/cm,   Vx = -3.37472 cm/us,  Delta_vx = -0.125349 cm/us
E = 290V/cm,   Vx = -3.48898 cm/us,  Delta_vx = -0.120192 cm/us
E = 300V/cm,   Vx = -3.59848 cm/us,  Delta_vx = -0.114253 cm/us
E = 310V/cm,   Vx = -3.70265 cm/us,  Delta_vx = -0.10748 cm/us
E = 320V/cm,   Vx = -3.80067 cm/us,  Delta_vx = -0.0996047 cm/us
E = 330V/cm,   Vx = -3.89166 cm/us,  Delta_vx = -0.0912722 cm/us
E = 340V/cm,   Vx = -3.97495 cm/us,  Delta_vx = -0.084325 cm/us
E = 350V/cm,   Vx = -4.05192 cm/us,  Delta_vx = -0.0773779 cm/us
E = 360V/cm,   Vx = -4.12258 cm/us,  Delta_vx = -0.072174 cm/us
E = 370V/cm,   Vx = -4.18847 cm/us,  Delta_vx = -0.0658353 cm/us
E = 380V/cm,   Vx = -4.24862 cm/us,  Delta_vx = -0.0590633 cm/us
E = 390V/cm,   Vx = -4.30262 cm/us,  Delta_vx = -0.0522913 cm/us
E = 400V/cm,   Vx = -4.35047 cm/us,  Delta_vx = -0.0425223 cm/us
E = 450V/cm,   Vx = -4.38948 cm/us,  Delta_vx = -0.116815 cm/us
E = 500V/cm,   Vx = -4.50497 cm/us,  Delta_vx = -0.024894 cm/us
E = 550V/cm,   Vx = -4.53012 cm/us,  Delta_vx = 0.0426359 cm/us
E = 600V/cm,   Vx = -4.48885 cm/us,  Delta_vx = 0.0827269 cm/us
E = 650V/cm,   Vx = -4.408 cm/us,  Delta_vx = 0.0925511 cm/us
E = 700V/cm,   Vx = -4.31732 cm/us,  Delta_vx = 0.0986226 cm/us
E = 750V/cm,   Vx = -4.22064 cm/us,  Delta_vx = 0.0975358 cm/us
E = 800V/cm,   Vx = -4.12487 cm/us,  Delta_vx = 0.084847 cm/us
E = 850V/cm,   Vx = -4.04159 cm/us,  Delta_vx = 0.0744292 cm/us
E = 900V/cm,   Vx = -3.96852 cm/us,  Delta_vx = 0.064388 cm/us
E = 950V/cm,   Vx = -3.9053 cm/us,  Delta_vx = 0.0543144 cm/us
E = 1000V/cm,   Vx = -3.85195 cm/us,  Delta_vx = 0.0448821 cm/us
E = 1500V/cm,   Vx = -3.80786 cm/us,  Delta_vx = 0.0887607 cm/us
E = 2000V/cm,   Vx = -3.71895 cm/us,  Delta_vx = -0.149273 cm/us
E = 2500V/cm,   Vx = -3.86787 cm/us,  Delta_vx = -0.132586 cm/us
E = 3000V/cm,   Vx = -4.00029 cm/us,  Delta_vx = -0.00443792 cm/us
E = 3500V/cm,   Vx = -4.00484 cm/us,  Delta_vx = 0.0341818 cm/us
E = 4000V/cm,   Vx = -3.9708 cm/us,  Delta_vx = 0.077982 cm/us
E = 4500V/cm,   Vx = -3.89295 cm/us,  Delta_vx = 0.0343037 cm/us
E = 5000V/cm,   Vx = -3.85867 cm/us,  Delta_vx = 0.0355344 cm/us
E = 5500V/cm,   Vx = -3.82323 cm/us,  Delta_vx = 0.0130539 cm/us
E = 6000V/cm,   Vx = -3.81013 cm/us,  Delta_vx = -0.0298956 cm/us
E = 6500V/cm,   Vx = -3.83998 cm/us,  Delta_vx = -0.0301689 cm/us
E = 7000V/cm,   Vx = -3.87006 cm/us,  Delta_vx = -0.0555497 cm/us
E = 7500V/cm,   Vx = -3.92548 cm/us,  Delta_vx = -0.0773802 cm/us
E = 8000V/cm,   Vx = -4.00269 cm/us,  Delta_vx = -0.0893059 cm/us
E = 8500V/cm,   Vx = -4.09181 cm/us,  Delta_vx = -0.0834834 cm/us
E = 9000V/cm,   Vx = -4.17512 cm/us,  Delta_vx = -0.0853374 cm/us
E = 9500V/cm,   Vx = -4.26028 cm/us,  Delta_vx = -0.0962076 cm/us
E = 10000V/cm,   Vx = -4.35629 cm/us,  Delta_vx = -0.104766 cm/us
MediumMagboltz::LoadGasFile: Reading Ar-CO2(95-5).gas.
MediumMagboltz::LoadGasFile: Version 12
MediumMagboltz::LoadGasFile:
    Gas composition set to Ar/CO2 (95/5)
E = 20V/cm,   Vx = -0.109847 cm/us,  Delta_vx = -0.120728 cm/us
E = 30V/cm,   Vx = -0.221259 cm/us,  Delta_vx = -0.122059 cm/us
E = 40V/cm,   Vx = -0.332547 cm/us,  Delta_vx = -0.128389 cm/us
E = 50V/cm,   Vx = -0.449582 cm/us,  Delta_vx = -0.13067 cm/us
E = 60V/cm,   Vx = -0.567779 cm/us,  Delta_vx = -0.135736 cm/us
E = 70V/cm,   Vx = -0.690548 cm/us,  Delta_vx = -0.142316 cm/us
E = 80V/cm,   Vx = -0.819334 cm/us,  Delta_vx = -0.15118 cm/us
E = 90V/cm,   Vx = -0.956753 cm/us,  Delta_vx = -0.155393 cm/us
E = 100V/cm,   Vx = -1.09758 cm/us,  Delta_vx = -0.161336 cm/us
E = 110V/cm,   Vx = -1.2442 cm/us,  Delta_vx = -0.166563 cm/us
E = 120V/cm,   Vx = -1.39503 cm/us,  Delta_vx = -0.17665 cm/us
E = 130V/cm,   Vx = -1.55537 cm/us,  Delta_vx = -0.180512 cm/us
E = 140V/cm,   Vx = -1.71937 cm/us,  Delta_vx = -0.180448 cm/us
E = 150V/cm,   Vx = -1.8834 cm/us,  Delta_vx = -0.182871 cm/us
E = 160V/cm,   Vx = -2.04921 cm/us,  Delta_vx = -0.188052 cm/us
E = 170V/cm,   Vx = -2.22013 cm/us,  Delta_vx = -0.186592 cm/us
E = 180V/cm,   Vx = -2.39001 cm/us,  Delta_vx = -0.182071 cm/us
E = 190V/cm,   Vx = -2.55569 cm/us,  Delta_vx = -0.179262 cm/us
E = 200V/cm,   Vx = -2.71884 cm/us,  Delta_vx = -0.174199 cm/us
E = 210V/cm,   Vx = -2.87748 cm/us,  Delta_vx = -0.166453 cm/us
E = 220V/cm,   Vx = -3.02926 cm/us,  Delta_vx = -0.157292 cm/us
E = 230V/cm,   Vx = -3.17263 cm/us,  Delta_vx = -0.149513 cm/us
E = 240V/cm,   Vx = -3.30879 cm/us,  Delta_vx = -0.142198 cm/us
E = 250V/cm,   Vx = -3.43848 cm/us,  Delta_vx = -0.132922 cm/us
E = 260V/cm,   Vx = -3.55974 cm/us,  Delta_vx = -0.122441 cm/us
E = 270V/cm,   Vx = -3.67159 cm/us,  Delta_vx = -0.111222 cm/us
E = 280V/cm,   Vx = -3.77319 cm/us,  Delta_vx = -0.100628 cm/us
E = 290V/cm,   Vx = -3.86515 cm/us,  Delta_vx = -0.0888463 cm/us
E = 300V/cm,   Vx = -3.94642 cm/us,  Delta_vx = -0.0787944 cm/us
E = 310V/cm,   Vx = -4.01846 cm/us,  Delta_vx = -0.0696734 cm/us
E = 320V/cm,   Vx = -4.08222 cm/us,  Delta_vx = -0.0617598 cm/us
E = 330V/cm,   Vx = -4.13861 cm/us,  Delta_vx = -0.0551953 cm/us
E = 340V/cm,   Vx = -4.18914 cm/us,  Delta_vx = -0.0474987 cm/us
E = 350V/cm,   Vx = -4.23267 cm/us,  Delta_vx = -0.0398021 cm/us
E = 360V/cm,   Vx = -4.2692 cm/us,  Delta_vx = -0.029905 cm/us
E = 370V/cm,   Vx = -4.29673 cm/us,  Delta_vx = -0.0231135 cm/us
E = 380V/cm,   Vx = -4.31802 cm/us,  Delta_vx = -0.0170832 cm/us
E = 390V/cm,   Vx = -4.33382 cm/us,  Delta_vx = -0.0110528 cm/us
E = 400V/cm,   Vx = -4.34414 cm/us,  Delta_vx = -0.00761127 cm/us
E = 450V/cm,   Vx = -4.35119 cm/us,  Delta_vx = 0.0167522 cm/us
E = 500V/cm,   Vx = -4.33559 cm/us,  Delta_vx = 0.0831722 cm/us
E = 550V/cm,   Vx = -4.25435 cm/us,  Delta_vx = 0.11157 cm/us
E = 600V/cm,   Vx = -4.14523 cm/us,  Delta_vx = 0.126528 cm/us
E = 650V/cm,   Vx = -4.02122 cm/us,  Delta_vx = 0.115915 cm/us
E = 700V/cm,   Vx = -3.90746 cm/us,  Delta_vx = 0.105813 cm/us
E = 750V/cm,   Vx = -3.80363 cm/us,  Delta_vx = 0.0951637 cm/us
E = 800V/cm,   Vx = -3.71021 cm/us,  Delta_vx = 0.0816404 cm/us
E = 850V/cm,   Vx = -3.63002 cm/us,  Delta_vx = 0.0651686 cm/us
E = 900V/cm,   Vx = -3.56593 cm/us,  Delta_vx = 0.0481058 cm/us
E = 950V/cm,   Vx = -3.51864 cm/us,  Delta_vx = 0.0351206 cm/us
E = 1000V/cm,   Vx = -3.48411 cm/us,  Delta_vx = 0.0265567 cm/us
E = 1500V/cm,   Vx = -3.458 cm/us,  Delta_vx = 0.00473534 cm/us
E = 2000V/cm,   Vx = -3.45301 cm/us,  Delta_vx = -0.15068 cm/us
E = 2500V/cm,   Vx = -3.6034 cm/us,  Delta_vx = -0.0794949 cm/us
E = 3000V/cm,   Vx = -3.68294 cm/us,  Delta_vx = 0.0326182 cm/us
E = 3500V/cm,   Vx = -3.65038 cm/us,  Delta_vx = 0.0609163 cm/us
E = 4000V/cm,   Vx = -3.58958 cm/us,  Delta_vx = 0.0549572 cm/us
E = 4500V/cm,   Vx = -3.53473 cm/us,  Delta_vx = 0.0422772 cm/us
E = 5000V/cm,   Vx = -3.4925 cm/us,  Delta_vx = -0.00334808 cm/us
E = 5500V/cm,   Vx = -3.4958 cm/us,  Delta_vx = -0.0314228 cm/us
E = 6000V/cm,   Vx = -3.52715 cm/us,  Delta_vx = -0.0507826 cm/us
E = 6500V/cm,   Vx = -3.57779 cm/us,  Delta_vx = -0.0727529 cm/us
E = 7000V/cm,   Vx = -3.65044 cm/us,  Delta_vx = -0.0563078 cm/us
E = 7500V/cm,   Vx = -3.70663 cm/us,  Delta_vx = -0.0644663 cm/us
E = 8000V/cm,   Vx = -3.77095 cm/us,  Delta_vx = -0.0845056 cm/us
E = 8500V/cm,   Vx = -3.85526 cm/us,  Delta_vx = -0.116634 cm/us
E = 9000V/cm,   Vx = -3.97166 cm/us,  Delta_vx = -0.118827 cm/us
E = 9500V/cm,   Vx = -4.09029 cm/us,  Delta_vx = -0.0878472 cm/us
E = 10000V/cm,   Vx = -4.17798 cm/us,  Delta_vx = -0.0661852 cm/us
MediumMagboltz::LoadGasFile: Reading Ar-CO2(96-4).gas.
MediumMagboltz::LoadGasFile: Version 12
MediumMagboltz::LoadGasFile:
    Gas composition set to Ar/CO2 (96/4)
E = 20V/cm,   Vx = -0.130216 cm/us,  Delta_vx = -0.145566 cm/us
E = 30V/cm,   Vx = -0.262434 cm/us,  Delta_vx = -0.14668 cm/us
E = 40V/cm,   Vx = -0.396117 cm/us,  Delta_vx = -0.155157 cm/us
E = 50V/cm,   Vx = -0.537809 cm/us,  Delta_vx = -0.166267 cm/us
E = 60V/cm,   Vx = -0.688414 cm/us,  Delta_vx = -0.168093 cm/us
E = 70V/cm,   Vx = -0.840056 cm/us,  Delta_vx = -0.188643 cm/us
E = 80V/cm,   Vx = -1.01206 cm/us,  Delta_vx = -0.190392 cm/us
E = 90V/cm,   Vx = -1.18398 cm/us,  Delta_vx = -0.208935 cm/us
E = 100V/cm,   Vx = -1.3737 cm/us,  Delta_vx = -0.209364 cm/us
E = 110V/cm,   Vx = -1.56427 cm/us,  Delta_vx = -0.210455 cm/us
E = 120V/cm,   Vx = -1.75499 cm/us,  Delta_vx = -0.221359 cm/us
E = 130V/cm,   Vx = -1.95566 cm/us,  Delta_vx = -0.226377 cm/us
E = 140V/cm,   Vx = -2.16156 cm/us,  Delta_vx = -0.217898 cm/us
E = 150V/cm,   Vx = -2.36018 cm/us,  Delta_vx = -0.208569 cm/us
E = 160V/cm,   Vx = -2.54997 cm/us,  Delta_vx = -0.202422 cm/us
E = 170V/cm,   Vx = -2.73437 cm/us,  Delta_vx = -0.193617 cm/us
E = 180V/cm,   Vx = -2.91087 cm/us,  Delta_vx = -0.182447 cm/us
E = 190V/cm,   Vx = -3.07726 cm/us,  Delta_vx = -0.170236 cm/us
E = 200V/cm,   Vx = -3.23266 cm/us,  Delta_vx = -0.15608 cm/us
E = 210V/cm,   Vx = -3.3752 cm/us,  Delta_vx = -0.140213 cm/us
E = 220V/cm,   Vx = -3.50344 cm/us,  Delta_vx = -0.124574 cm/us
E = 230V/cm,   Vx = -3.61734 cm/us,  Delta_vx = -0.110767 cm/us
E = 240V/cm,   Vx = -3.71855 cm/us,  Delta_vx = -0.0988584 cm/us
E = 250V/cm,   Vx = -3.80899 cm/us,  Delta_vx = -0.0863384 cm/us
E = 260V/cm,   Vx = -3.88805 cm/us,  Delta_vx = -0.0733364 cm/us
E = 270V/cm,   Vx = -3.95529 cm/us,  Delta_vx = -0.0613213 cm/us
E = 280V/cm,   Vx = -4.01155 cm/us,  Delta_vx = -0.0499644 cm/us
E = 290V/cm,   Vx = -4.05749 cm/us,  Delta_vx = -0.0383769 cm/us
E = 300V/cm,   Vx = -4.09283 cm/us,  Delta_vx = -0.0290691 cm/us
E = 310V/cm,   Vx = -4.11965 cm/us,  Delta_vx = -0.020409 cm/us
E = 320V/cm,   Vx = -4.1386 cm/us,  Delta_vx = -0.0125137 cm/us
E = 330V/cm,   Vx = -4.15024 cm/us,  Delta_vx = -0.00664281 cm/us
E = 340V/cm,   Vx = -4.15655 cm/us,  Delta_vx = -0.000583756 cm/us
E = 350V/cm,   Vx = -4.15736 cm/us,  Delta_vx = 0.00547529 cm/us
E = 360V/cm,   Vx = -4.15265 cm/us,  Delta_vx = 0.0119884 cm/us
E = 370V/cm,   Vx = -4.14195 cm/us,  Delta_vx = 0.0159155 cm/us
E = 380V/cm,   Vx = -4.12764 cm/us,  Delta_vx = 0.0194366 cm/us
E = 390V/cm,   Vx = -4.11013 cm/us,  Delta_vx = 0.0229577 cm/us
E = 400V/cm,   Vx = -4.08942 cm/us,  Delta_vx = 0.0233631 cm/us
E = 450V/cm,   Vx = -4.06821 cm/us,  Delta_vx = 0.134423 cm/us
E = 500V/cm,   Vx = -3.93693 cm/us,  Delta_vx = 0.159429 cm/us
E = 550V/cm,   Vx = -3.78033 cm/us,  Delta_vx = 0.138875 cm/us
E = 600V/cm,   Vx = -3.64418 cm/us,  Delta_vx = 0.132261 cm/us
E = 650V/cm,   Vx = -3.51438 cm/us,  Delta_vx = 0.112396 cm/us
E = 700V/cm,   Vx = -3.40399 cm/us,  Delta_vx = 0.0910561 cm/us
E = 750V/cm,   Vx = -3.31452 cm/us,  Delta_vx = 0.0716953 cm/us
E = 800V/cm,   Vx = -3.24405 cm/us,  Delta_vx = 0.0557254 cm/us
E = 850V/cm,   Vx = -3.18928 cm/us,  Delta_vx = 0.0416482 cm/us
E = 900V/cm,   Vx = -3.14832 cm/us,  Delta_vx = 0.0303442 cm/us
E = 950V/cm,   Vx = -3.11848 cm/us,  Delta_vx = 0.021564 cm/us
E = 1000V/cm,   Vx = -3.09728 cm/us,  Delta_vx = 0.0151895 cm/us
E = 1500V/cm,   Vx = -3.08232 cm/us,  Delta_vx = -0.0812991 cm/us
E = 2000V/cm,   Vx = -3.16328 cm/us,  Delta_vx = -0.12864 cm/us
E = 2500V/cm,   Vx = -3.29176 cm/us,  Delta_vx = -0.0242927 cm/us
E = 3000V/cm,   Vx = -3.31612 cm/us,  Delta_vx = 0.0631874 cm/us
E = 3500V/cm,   Vx = -3.2531 cm/us,  Delta_vx = 0.0807658 cm/us
E = 4000V/cm,   Vx = -3.17247 cm/us,  Delta_vx = 0.0281047 cm/us
E = 4500V/cm,   Vx = -3.14434 cm/us,  Delta_vx = -0.019001 cm/us
E = 5000V/cm,   Vx = -3.16331 cm/us,  Delta_vx = -0.011685 cm/us
E = 5500V/cm,   Vx = -3.17496 cm/us,  Delta_vx = -0.037942 cm/us
E = 6000V/cm,   Vx = -3.21278 cm/us,  Delta_vx = -0.0700918 cm/us
E = 6500V/cm,   Vx = -3.28273 cm/us,  Delta_vx = -0.0831662 cm/us
E = 7000V/cm,   Vx = -3.36568 cm/us,  Delta_vx = -0.10502 cm/us
E = 7500V/cm,   Vx = -3.47049 cm/us,  Delta_vx = -0.0914818 cm/us
E = 8000V/cm,   Vx = -3.56182 cm/us,  Delta_vx = -0.0813359 cm/us
E = 8500V/cm,   Vx = -3.64299 cm/us,  Delta_vx = -0.109235 cm/us
E = 9000V/cm,   Vx = -3.75199 cm/us,  Delta_vx = -0.12501 cm/us
E = 9500V/cm,   Vx = -3.87675 cm/us,  Delta_vx = -0.126368 cm/us
E = 10000V/cm,   Vx = -4.00286 cm/us,  Delta_vx = -0.13131 cm/us
MediumMagboltz::LoadGasFile: Reading Ar-CO2(97-3).gas.
MediumMagboltz::LoadGasFile: Version 12
MediumMagboltz::LoadGasFile:
    Gas composition set to Ar/CO2 (97/3)
E = 20V/cm,   Vx = -0.16016 cm/us,  Delta_vx = -0.179007 cm/us
E = 30V/cm,   Vx = -0.321799 cm/us,  Delta_vx = -0.19236 cm/us
E = 40V/cm,   Vx = -0.496315 cm/us,  Delta_vx = -0.206686 cm/us
E = 50V/cm,   Vx = -0.682824 cm/us,  Delta_vx = -0.220551 cm/us
E = 60V/cm,   Vx = -0.881822 cm/us,  Delta_vx = -0.244536 cm/us
E = 70V/cm,   Vx = -1.1043 cm/us,  Delta_vx = -0.247645 cm/us
E = 80V/cm,   Vx = -1.32795 cm/us,  Delta_vx = -0.270849 cm/us
E = 90V/cm,   Vx = -1.57395 cm/us,  Delta_vx = -0.270929 cm/us
E = 100V/cm,   Vx = -1.82058 cm/us,  Delta_vx = -0.268086 cm/us
E = 110V/cm,   Vx = -2.06415 cm/us,  Delta_vx = -0.268358 cm/us
E = 120V/cm,   Vx = -2.30837 cm/us,  Delta_vx = -0.25797 cm/us
E = 130V/cm,   Vx = -2.54391 cm/us,  Delta_vx = -0.235708 cm/us
E = 140V/cm,   Vx = -2.75919 cm/us,  Delta_vx = -0.212985 cm/us
E = 150V/cm,   Vx = -2.95383 cm/us,  Delta_vx = -0.191168 cm/us
E = 160V/cm,   Vx = -3.12854 cm/us,  Delta_vx = -0.170884 cm/us
E = 170V/cm,   Vx = -3.28481 cm/us,  Delta_vx = -0.151826 cm/us
E = 180V/cm,   Vx = -3.4237 cm/us,  Delta_vx = -0.131085 cm/us
E = 190V/cm,   Vx = -3.54389 cm/us,  Delta_vx = -0.104153 cm/us
E = 200V/cm,   Vx = -3.63978 cm/us,  Delta_vx = -0.0809515 cm/us
E = 210V/cm,   Vx = -3.71427 cm/us,  Delta_vx = -0.0647804 cm/us
E = 220V/cm,   Vx = -3.77363 cm/us,  Delta_vx = -0.0527972 cm/us
E = 230V/cm,   Vx = -3.82225 cm/us,  Delta_vx = -0.0389077 cm/us
E = 240V/cm,   Vx = -3.85829 cm/us,  Delta_vx = -0.0254971 cm/us
E = 250V/cm,   Vx = -3.88202 cm/us,  Delta_vx = -0.0134891 cm/us
E = 260V/cm,   Vx = -3.89483 cm/us,  Delta_vx = -0.000556819 cm/us
E = 270V/cm,   Vx = -3.89584 cm/us,  Delta_vx = 0.0088523 cm/us
E = 280V/cm,   Vx = -3.88814 cm/us,  Delta_vx = 0.0164802 cm/us
E = 290V/cm,   Vx = -3.87351 cm/us,  Delta_vx = 0.0206793 cm/us
E = 300V/cm,   Vx = -3.85479 cm/us,  Delta_vx = 0.023625 cm/us
E = 310V/cm,   Vx = -3.8335 cm/us,  Delta_vx = 0.0277575 cm/us
E = 320V/cm,   Vx = -3.80845 cm/us,  Delta_vx = 0.0327254 cm/us
E = 330V/cm,   Vx = -3.77895 cm/us,  Delta_vx = 0.0365951 cm/us
E = 340V/cm,   Vx = -3.74578 cm/us,  Delta_vx = 0.0387626 cm/us
E = 350V/cm,   Vx = -3.71064 cm/us,  Delta_vx = 0.04093 cm/us
E = 360V/cm,   Vx = -3.67353 cm/us,  Delta_vx = 0.0405154 cm/us
E = 370V/cm,   Vx = -3.63667 cm/us,  Delta_vx = 0.0403438 cm/us
E = 380V/cm,   Vx = -3.60001 cm/us,  Delta_vx = 0.0406299 cm/us
E = 390V/cm,   Vx = -3.56309 cm/us,  Delta_vx = 0.040916 cm/us
E = 400V/cm,   Vx = -3.5259 cm/us,  Delta_vx = 0.0415933 cm/us
E = 450V/cm,   Vx = -3.48808 cm/us,  Delta_vx = 0.183019 cm/us
E = 500V/cm,   Vx = -3.30835 cm/us,  Delta_vx = 0.157486 cm/us
E = 550V/cm,   Vx = -3.1538 cm/us,  Delta_vx = 0.137046 cm/us
E = 600V/cm,   Vx = -3.01915 cm/us,  Delta_vx = 0.107799 cm/us
E = 650V/cm,   Vx = -2.91318 cm/us,  Delta_vx = 0.0778978 cm/us
E = 700V/cm,   Vx = -2.83659 cm/us,  Delta_vx = 0.0602715 cm/us
E = 750V/cm,   Vx = -2.77739 cm/us,  Delta_vx = 0.0460524 cm/us
E = 800V/cm,   Vx = -2.73195 cm/us,  Delta_vx = 0.0250265 cm/us
E = 850V/cm,   Vx = -2.70729 cm/us,  Delta_vx = 0.0148629 cm/us
E = 900V/cm,   Vx = -2.69271 cm/us,  Delta_vx = 0.0108892 cm/us
E = 950V/cm,   Vx = -2.68196 cm/us,  Delta_vx = 0.00274038 cm/us
E = 1000V/cm,   Vx = -2.67918 cm/us,  Delta_vx = -0.00457056 cm/us
E = 1500V/cm,   Vx = -2.68361 cm/us,  Delta_vx = -0.142948 cm/us
E = 2000V/cm,   Vx = -2.82625 cm/us,  Delta_vx = -0.0728861 cm/us
E = 2500V/cm,   Vx = -2.8992 cm/us,  Delta_vx = 0.0534822 cm/us
E = 3000V/cm,   Vx = -2.84589 cm/us,  Delta_vx = 0.0691918 cm/us
E = 3500V/cm,   Vx = -2.77678 cm/us,  Delta_vx = 0.0328903 cm/us
E = 4000V/cm,   Vx = -2.74398 cm/us,  Delta_vx = 0.00765862 cm/us
E = 4500V/cm,   Vx = -2.73624 cm/us,  Delta_vx = -0.0435935 cm/us
E = 5000V/cm,   Vx = -2.77975 cm/us,  Delta_vx = -0.0538125 cm/us
E = 5500V/cm,   Vx = -2.83343 cm/us,  Delta_vx = -0.0735587 cm/us
E = 6000V/cm,   Vx = -2.90682 cm/us,  Delta_vx = -0.109718 cm/us
E = 6500V/cm,   Vx = -3.01626 cm/us,  Delta_vx = -0.138356 cm/us
E = 7000V/cm,   Vx = -3.15444 cm/us,  Delta_vx = -0.0873444 cm/us
E = 7500V/cm,   Vx = -3.24161 cm/us,  Delta_vx = -0.0967407 cm/us
E = 8000V/cm,   Vx = -3.33813 cm/us,  Delta_vx = -0.118642 cm/us
E = 8500V/cm,   Vx = -3.45652 cm/us,  Delta_vx = -0.116642 cm/us
E = 9000V/cm,   Vx = -3.57293 cm/us,  Delta_vx = -0.119411 cm/us
E = 9500V/cm,   Vx = -3.69209 cm/us,  Delta_vx = -0.127978 cm/us
E = 10000V/cm,   Vx = -3.81981 cm/us,  Delta_vx = -0.135138 cm/us
MediumMagboltz::LoadGasFile: Reading Ar-CO2(98-2).gas.
MediumMagboltz::LoadGasFile: Version 12
MediumMagboltz::LoadGasFile:
    Gas composition set to Ar/CO2 (98/2)
E = 20V/cm,   Vx = -0.205569 cm/us,  Delta_vx = -0.245479 cm/us
E = 30V/cm,   Vx = -0.427629 cm/us,  Delta_vx = -0.278964 cm/us
E = 40V/cm,   Vx = -0.678256 cm/us,  Delta_vx = -0.309409 cm/us
E = 50V/cm,   Vx = -0.956904 cm/us,  Delta_vx = -0.350082 cm/us
E = 60V/cm,   Vx = -1.2746 cm/us,  Delta_vx = -0.361947 cm/us
E = 70V/cm,   Vx = -1.60357 cm/us,  Delta_vx = -0.353521 cm/us
E = 80V/cm,   Vx = -1.92565 cm/us,  Delta_vx = -0.338278 cm/us
E = 90V/cm,   Vx = -2.23391 cm/us,  Delta_vx = -0.313255 cm/us
E = 100V/cm,   Vx = -2.52058 cm/us,  Delta_vx = -0.26767 cm/us
E = 110V/cm,   Vx = -2.76619 cm/us,  Delta_vx = -0.226856 cm/us
E = 120V/cm,   Vx = -2.9735 cm/us,  Delta_vx = -0.192855 cm/us
E = 130V/cm,   Vx = -3.15185 cm/us,  Delta_vx = -0.139246 cm/us
E = 140V/cm,   Vx = -3.28028 cm/us,  Delta_vx = -0.107088 cm/us
E = 150V/cm,   Vx = -3.3788 cm/us,  Delta_vx = -0.0789981 cm/us
E = 160V/cm,   Vx = -3.45212 cm/us,  Delta_vx = -0.0497873 cm/us
E = 170V/cm,   Vx = -3.49853 cm/us,  Delta_vx = -0.0257834 cm/us
E = 180V/cm,   Vx = -3.52285 cm/us,  Delta_vx = -0.00719934 cm/us
E = 190V/cm,   Vx = -3.5302 cm/us,  Delta_vx = 0.0093456 cm/us
E = 200V/cm,   Vx = -3.52227 cm/us,  Delta_vx = 0.020959 cm/us
E = 210V/cm,   Vx = -3.50371 cm/us,  Delta_vx = 0.0297886 cm/us
E = 220V/cm,   Vx = -3.47686 cm/us,  Delta_vx = 0.0357752 cm/us
E = 230V/cm,   Vx = -3.44465 cm/us,  Delta_vx = 0.0431021 cm/us
E = 240V/cm,   Vx = -3.40593 cm/us,  Delta_vx = 0.0499872 cm/us
E = 250V/cm,   Vx = -3.36065 cm/us,  Delta_vx = 0.0536028 cm/us
E = 260V/cm,   Vx = -3.31208 cm/us,  Delta_vx = 0.0554588 cm/us
E = 270V/cm,   Vx = -3.26162 cm/us,  Delta_vx = 0.0549918 cm/us
E = 280V/cm,   Vx = -3.21163 cm/us,  Delta_vx = 0.0550408 cm/us
E = 290V/cm,   Vx = -3.1616 cm/us,  Delta_vx = 0.0539666 cm/us
E = 300V/cm,   Vx = -3.11246 cm/us,  Delta_vx = 0.0526523 cm/us
E = 310V/cm,   Vx = -3.06455 cm/us,  Delta_vx = 0.0517678 cm/us
E = 320V/cm,   Vx = -3.01745 cm/us,  Delta_vx = 0.0513454 cm/us
E = 330V/cm,   Vx = -2.97078 cm/us,  Delta_vx = 0.050617 cm/us
E = 340V/cm,   Vx = -2.92469 cm/us,  Delta_vx = 0.0490834 cm/us
E = 350V/cm,   Vx = -2.88 cm/us,  Delta_vx = 0.0475498 cm/us
E = 360V/cm,   Vx = -2.8367 cm/us,  Delta_vx = 0.0443553 cm/us
E = 370V/cm,   Vx = -2.79626 cm/us,  Delta_vx = 0.0421438 cm/us
E = 380V/cm,   Vx = -2.75787 cm/us,  Delta_vx = 0.0403326 cm/us
E = 390V/cm,   Vx = -2.72112 cm/us,  Delta_vx = 0.0385213 cm/us
E = 400V/cm,   Vx = -2.68602 cm/us,  Delta_vx = 0.0380955 cm/us
E = 450V/cm,   Vx = -2.65133 cm/us,  Delta_vx = 0.148778 cm/us
E = 500V/cm,   Vx = -2.50488 cm/us,  Delta_vx = 0.10408 cm/us
E = 550V/cm,   Vx = -2.40271 cm/us,  Delta_vx = 0.0841511 cm/us
E = 600V/cm,   Vx = -2.31987 cm/us,  Delta_vx = 0.0536497 cm/us
E = 650V/cm,   Vx = -2.26701 cm/us,  Delta_vx = 0.028942 cm/us
E = 700V/cm,   Vx = -2.23849 cm/us,  Delta_vx = 0.0193157 cm/us
E = 750V/cm,   Vx = -2.21953 cm/us,  Delta_vx = 0.0135562 cm/us
E = 800V/cm,   Vx = -2.20609 cm/us,  Delta_vx = 0.00114954 cm/us
E = 850V/cm,   Vx = -2.20487 cm/us,  Delta_vx = -0.0106125 cm/us
E = 900V/cm,   Vx = -2.21513 cm/us,  Delta_vx = -0.0188039 cm/us
E = 950V/cm,   Vx = -2.23354 cm/us,  Delta_vx = -0.0154063 cm/us
E = 1000V/cm,   Vx = -2.24879 cm/us,  Delta_vx = -0.00822576 cm/us
E = 1500V/cm,   Vx = -2.25685 cm/us,  Delta_vx = -0.133098 cm/us
E = 2000V/cm,   Vx = -2.3899 cm/us,  Delta_vx = 0.0540236 cm/us
E = 2500V/cm,   Vx = -2.33604 cm/us,  Delta_vx = 0.0618565 cm/us
E = 3000V/cm,   Vx = -2.27422 cm/us,  Delta_vx = 0.0391656 cm/us
E = 3500V/cm,   Vx = -2.23515 cm/us,  Delta_vx = -0.0414858 cm/us
E = 4000V/cm,   Vx = -2.27655 cm/us,  Delta_vx = -0.0519919 cm/us
E = 4500V/cm,   Vx = -2.32841 cm/us,  Delta_vx = -0.0813521 cm/us
E = 5000V/cm,   Vx = -2.40957 cm/us,  Delta_vx = -0.108125 cm/us
E = 5500V/cm,   Vx = -2.51747 cm/us,  Delta_vx = -0.105701 cm/us
E = 6000V/cm,   Vx = -2.62297 cm/us,  Delta_vx = -0.0950103 cm/us
E = 6500V/cm,   Vx = -2.71779 cm/us,  Delta_vx = -0.10342 cm/us
E = 7000V/cm,   Vx = -2.82097 cm/us,  Delta_vx = -0.130026 cm/us
E = 7500V/cm,   Vx = -2.95072 cm/us,  Delta_vx = -0.146108 cm/us
E = 8000V/cm,   Vx = -3.09653 cm/us,  Delta_vx = -0.150492 cm/us
E = 8500V/cm,   Vx = -3.24672 cm/us,  Delta_vx = -0.143153 cm/us
E = 9000V/cm,   Vx = -3.38959 cm/us,  Delta_vx = -0.132692 cm/us
E = 9500V/cm,   Vx = -3.52204 cm/us,  Delta_vx = -0.119292 cm/us
E = 10000V/cm,   Vx = -3.6411 cm/us,  Delta_vx = -0.106971 cm/us
MediumMagboltz::LoadGasFile: Reading Ar-CO2(99-1).gas.
MediumMagboltz::LoadGasFile: Version 12
MediumMagboltz::LoadGasFile:
    Gas composition set to Ar/CO2 (99/1)
E = 20V/cm,   Vx = -0.299068 cm/us,  Delta_vx = -0.436783 cm/us
E = 30V/cm,   Vx = -0.688903 cm/us,  Delta_vx = -0.531487 cm/us
E = 40V/cm,   Vx = -1.1694 cm/us,  Delta_vx = -0.541195 cm/us
E = 50V/cm,   Vx = -1.66311 cm/us,  Delta_vx = -0.479566 cm/us
E = 60V/cm,   Vx = -2.10407 cm/us,  Delta_vx = -0.363027 cm/us
E = 70V/cm,   Vx = -2.43995 cm/us,  Delta_vx = -0.255371 cm/us
E = 80V/cm,   Vx = -2.67666 cm/us,  Delta_vx = -0.155292 cm/us
E = 90V/cm,   Vx = -2.82223 cm/us,  Delta_vx = -0.074543 cm/us
E = 100V/cm,   Vx = -2.89237 cm/us,  Delta_vx = -0.0235919 cm/us
E = 110V/cm,   Vx = -2.91586 cm/us,  Delta_vx = 0.0168146 cm/us
E = 120V/cm,   Vx = -2.90194 cm/us,  Delta_vx = 0.0430984 cm/us
E = 130V/cm,   Vx = -2.86358 cm/us,  Delta_vx = 0.0586742 cm/us
E = 140V/cm,   Vx = -2.81084 cm/us,  Delta_vx = 0.0705855 cm/us
E = 150V/cm,   Vx = -2.747 cm/us,  Delta_vx = 0.0765379 cm/us
E = 160V/cm,   Vx = -2.67745 cm/us,  Delta_vx = 0.0773238 cm/us
E = 170V/cm,   Vx = -2.6072 cm/us,  Delta_vx = 0.0781964 cm/us
E = 180V/cm,   Vx = -2.5361 cm/us,  Delta_vx = 0.0774741 cm/us
E = 190V/cm,   Vx = -2.46561 cm/us,  Delta_vx = 0.0754026 cm/us
E = 200V/cm,   Vx = -2.39691 cm/us,  Delta_vx = 0.0722821 cm/us
E = 210V/cm,   Vx = -2.33107 cm/us,  Delta_vx = 0.0693155 cm/us
E = 220V/cm,   Vx = -2.2679 cm/us,  Delta_vx = 0.0656165 cm/us
E = 230V/cm,   Vx = -2.20807 cm/us,  Delta_vx = 0.0613845 cm/us
E = 240V/cm,   Vx = -2.15199 cm/us,  Delta_vx = 0.0563001 cm/us
E = 250V/cm,   Vx = -2.10062 cm/us,  Delta_vx = 0.0522555 cm/us
E = 260V/cm,   Vx = -2.05293 cm/us,  Delta_vx = 0.0484275 cm/us
E = 270V/cm,   Vx = -2.00876 cm/us,  Delta_vx = 0.0452135 cm/us
E = 280V/cm,   Vx = -1.96751 cm/us,  Delta_vx = 0.0420404 cm/us
E = 290V/cm,   Vx = -1.92915 cm/us,  Delta_vx = 0.039202 cm/us
E = 300V/cm,   Vx = -1.8934 cm/us,  Delta_vx = 0.0366063 cm/us
E = 310V/cm,   Vx = -1.85999 cm/us,  Delta_vx = 0.0339237 cm/us
E = 320V/cm,   Vx = -1.82903 cm/us,  Delta_vx = 0.0313511 cm/us
E = 330V/cm,   Vx = -1.80043 cm/us,  Delta_vx = 0.028882 cm/us
E = 340V/cm,   Vx = -1.77405 cm/us,  Delta_vx = 0.026301 cm/us
E = 350V/cm,   Vx = -1.75002 cm/us,  Delta_vx = 0.02372 cm/us
E = 360V/cm,   Vx = -1.72834 cm/us,  Delta_vx = 0.0204039 cm/us
E = 370V/cm,   Vx = -1.70968 cm/us,  Delta_vx = 0.0181137 cm/us
E = 380V/cm,   Vx = -1.69312 cm/us,  Delta_vx = 0.0160762 cm/us
E = 390V/cm,   Vx = -1.67841 cm/us,  Delta_vx = 0.0140388 cm/us
E = 400V/cm,   Vx = -1.66556 cm/us,  Delta_vx = 0.0125042 cm/us
E = 450V/cm,   Vx = -1.65414 cm/us,  Delta_vx = 0.0451415 cm/us
E = 500V/cm,   Vx = -1.60976 cm/us,  Delta_vx = 0.0266383 cm/us
E = 550V/cm,   Vx = -1.58336 cm/us,  Delta_vx = 0.00255515 cm/us
E = 600V/cm,   Vx = -1.58068 cm/us,  Delta_vx = -0.00865884 cm/us
E = 650V/cm,   Vx = -1.58912 cm/us,  Delta_vx = -0.00406139 cm/us
E = 700V/cm,   Vx = -1.59309 cm/us,  Delta_vx = -0.00969321 cm/us
E = 750V/cm,   Vx = -1.60249 cm/us,  Delta_vx = -0.0186376 cm/us
E = 800V/cm,   Vx = -1.62066 cm/us,  Delta_vx = -0.0241712 cm/us
E = 850V/cm,   Vx = -1.64435 cm/us,  Delta_vx = -0.0235596 cm/us
E = 900V/cm,   Vx = -1.66751 cm/us,  Delta_vx = -0.0185677 cm/us
E = 950V/cm,   Vx = -1.68575 cm/us,  Delta_vx = -0.0149808 cm/us
E = 1000V/cm,   Vx = -1.70047 cm/us,  Delta_vx = -0.0105513 cm/us
E = 1500V/cm,   Vx = -1.71087 cm/us,  Delta_vx = 0.0136279 cm/us
E = 2000V/cm,   Vx = -1.69739 cm/us,  Delta_vx = 0.0793313 cm/us
E = 2500V/cm,   Vx = -1.61816 cm/us,  Delta_vx = 0.00195102 cm/us
E = 3000V/cm,   Vx = -1.6161 cm/us,  Delta_vx = -0.0640297 cm/us
E = 3500V/cm,   Vx = -1.67999 cm/us,  Delta_vx = -0.105305 cm/us
E = 4000V/cm,   Vx = -1.78505 cm/us,  Delta_vx = -0.10329 cm/us
E = 4500V/cm,   Vx = -1.88817 cm/us,  Delta_vx = -0.12601 cm/us
E = 5000V/cm,   Vx = -2.01385 cm/us,  Delta_vx = -0.160715 cm/us
E = 5500V/cm,   Vx = -2.17426 cm/us,  Delta_vx = -0.141703 cm/us
E = 6000V/cm,   Vx = -2.3157 cm/us,  Delta_vx = -0.142257 cm/us
E = 6500V/cm,   Vx = -2.45764 cm/us,  Delta_vx = -0.157714 cm/us
E = 7000V/cm,   Vx = -2.61506 cm/us,  Delta_vx = -0.144071 cm/us
E = 7500V/cm,   Vx = -2.75885 cm/us,  Delta_vx = -0.138363 cm/us
E = 8000V/cm,   Vx = -2.89694 cm/us,  Delta_vx = -0.133855 cm/us
E = 8500V/cm,   Vx = -3.03054 cm/us,  Delta_vx = -0.120004 cm/us
E = 9000V/cm,   Vx = -3.1503 cm/us,  Delta_vx = -0.12822 cm/us
E = 9500V/cm,   Vx = -3.27822 cm/us,  Delta_vx = -0.1608 cm/us
E = 10000V/cm,   Vx = -3.43867 cm/us,  Delta_vx = -0.186476 cm/us
